2022-03-22 16:44:06 startup archives install
2022-03-22 16:44:06 install base-passwd:amd64 <none> 3.5.51
2022-03-22 16:44:06 status half-installed base-passwd:amd64 3.5.51
2022-03-22 16:44:06 status unpacked base-passwd:amd64 3.5.51
2022-03-22 16:44:06 configure base-passwd:amd64 3.5.51 3.5.51
2022-03-22 16:44:06 status half-configured base-passwd:amd64 3.5.51
2022-03-22 16:44:06 status installed base-passwd:amd64 3.5.51
2022-03-22 16:44:06 startup archives install
2022-03-22 16:44:06 install base-files:amd64 <none> 11.1+deb11u2
2022-03-22 16:44:06 status half-installed base-files:amd64 11.1+deb11u2
2022-03-22 16:44:06 status unpacked base-files:amd64 11.1+deb11u2
2022-03-22 16:44:06 configure base-files:amd64 11.1+deb11u2 11.1+deb11u2
2022-03-22 16:44:06 status half-configured base-files:amd64 11.1+deb11u2
2022-03-22 16:44:06 status installed base-files:amd64 11.1+deb11u2
2022-03-22 16:44:06 startup archives install
2022-03-22 16:44:06 upgrade dpkg 1.20.9 1.20.9
2022-03-22 16:44:06 status half-configured dpkg 1.20.9
2022-03-22 16:44:06 status unpacked dpkg 1.20.9
2022-03-22 16:44:06 status half-installed dpkg 1.20.9
2022-03-22 16:44:06 status unpacked dpkg:amd64 1.20.9
2022-03-22 16:44:06 configure dpkg:amd64 1.20.9 1.20.9
2022-03-22 16:44:06 status half-configured dpkg:amd64 1.20.9
2022-03-22 16:44:06 status installed dpkg:amd64 1.20.9
2022-03-22 16:44:06 startup archives install
2022-03-22 16:44:06 install libc6:amd64 <none> 2.31-13+deb11u2
2022-03-22 16:44:06 status half-installed libc6:amd64 2.31-13+deb11u2
2022-03-22 16:44:07 status unpacked libc6:amd64 2.31-13+deb11u2
2022-03-22 16:44:07 configure libc6:amd64 2.31-13+deb11u2 2.31-13+deb11u2
2022-03-22 16:44:07 status half-configured libc6:amd64 2.31-13+deb11u2
2022-03-22 16:44:07 status installed libc6:amd64 2.31-13+deb11u2
2022-03-22 16:44:07 startup archives install
2022-03-22 16:44:07 install perl-base:amd64 <none> 5.32.1-4+deb11u2
2022-03-22 16:44:07 status half-installed perl-base:amd64 5.32.1-4+deb11u2
2022-03-22 16:44:07 status unpacked perl-base:amd64 5.32.1-4+deb11u2
2022-03-22 16:44:07 configure perl-base:amd64 5.32.1-4+deb11u2 5.32.1-4+deb11u2
2022-03-22 16:44:07 status half-configured perl-base:amd64 5.32.1-4+deb11u2
2022-03-22 16:44:07 status installed perl-base:amd64 5.32.1-4+deb11u2
2022-03-22 16:44:07 startup archives install
2022-03-22 16:44:07 install mawk:amd64 <none> 1.3.4.20200120-2
2022-03-22 16:44:07 status half-installed mawk:amd64 1.3.4.20200120-2
2022-03-22 16:44:07 status unpacked mawk:amd64 1.3.4.20200120-2
2022-03-22 16:44:07 configure mawk:amd64 1.3.4.20200120-2 1.3.4.20200120-2
2022-03-22 16:44:07 status half-configured mawk:amd64 1.3.4.20200120-2
2022-03-22 16:44:07 status installed mawk:amd64 1.3.4.20200120-2
2022-03-22 16:44:07 startup archives install
2022-03-22 16:44:07 install debconf:all <none> 1.5.77
2022-03-22 16:44:07 status half-installed debconf:all 1.5.77
2022-03-22 16:44:07 status unpacked debconf:all 1.5.77
2022-03-22 16:44:07 configure debconf:all 1.5.77 1.5.77
2022-03-22 16:44:07 status half-configured debconf:all 1.5.77
2022-03-22 16:44:07 status installed debconf:all 1.5.77
2022-03-22 16:44:08 startup archives unpack
2022-03-22 16:44:08 install libacl1:amd64 <none> 2.2.53-10
2022-03-22 16:44:08 status half-installed libacl1:amd64 2.2.53-10
2022-03-22 16:44:08 status unpacked libacl1:amd64 2.2.53-10
2022-03-22 16:44:08 install adduser:all <none> 3.118
2022-03-22 16:44:08 status half-installed adduser:all 3.118
2022-03-22 16:44:08 status unpacked adduser:all 3.118
2022-03-22 16:44:08 install apt:amd64 <none> 2.2.4
2022-03-22 16:44:08 status half-installed apt:amd64 2.2.4
2022-03-22 16:44:08 status unpacked apt:amd64 2.2.4
2022-03-22 16:44:08 install libapt-pkg6.0:amd64 <none> 2.2.4
2022-03-22 16:44:08 status half-installed libapt-pkg6.0:amd64 2.2.4
2022-03-22 16:44:08 status unpacked libapt-pkg6.0:amd64 2.2.4
2022-03-22 16:44:08 install libattr1:amd64 <none> 1:2.4.48-6
2022-03-22 16:44:08 status half-installed libattr1:amd64 1:2.4.48-6
2022-03-22 16:44:08 status unpacked libattr1:amd64 1:2.4.48-6
2022-03-22 16:44:08 install libaudit-common:all <none> 1:3.0-2
2022-03-22 16:44:08 status half-installed libaudit-common:all 1:3.0-2
2022-03-22 16:44:08 status unpacked libaudit-common:all 1:3.0-2
2022-03-22 16:44:08 install libaudit1:amd64 <none> 1:3.0-2
2022-03-22 16:44:08 status half-installed libaudit1:amd64 1:3.0-2
2022-03-22 16:44:08 status unpacked libaudit1:amd64 1:3.0-2
2022-03-22 16:44:08 upgrade base-files:amd64 11.1+deb11u2 11.1+deb11u2
2022-03-22 16:44:08 status half-configured base-files:amd64 11.1+deb11u2
2022-03-22 16:44:08 status unpacked base-files:amd64 11.1+deb11u2
2022-03-22 16:44:08 status half-installed base-files:amd64 11.1+deb11u2
2022-03-22 16:44:08 status unpacked base-files:amd64 11.1+deb11u2
2022-03-22 16:44:08 upgrade base-passwd:amd64 3.5.51 3.5.51
2022-03-22 16:44:08 status half-configured base-passwd:amd64 3.5.51
2022-03-22 16:44:08 status unpacked base-passwd:amd64 3.5.51
2022-03-22 16:44:08 status half-installed base-passwd:amd64 3.5.51
2022-03-22 16:44:08 status unpacked base-passwd:amd64 3.5.51
2022-03-22 16:44:08 install bash:amd64 <none> 5.1-2+b3
2022-03-22 16:44:08 status half-installed bash:amd64 5.1-2+b3
2022-03-22 16:44:08 status unpacked bash:amd64 5.1-2+b3
2022-03-22 16:44:08 install libbz2-1.0:amd64 <none> 1.0.8-4
2022-03-22 16:44:08 status half-installed libbz2-1.0:amd64 1.0.8-4
2022-03-22 16:44:09 status unpacked libbz2-1.0:amd64 1.0.8-4
2022-03-22 16:44:09 install libdebconfclient0:amd64 <none> 0.260
2022-03-22 16:44:09 status half-installed libdebconfclient0:amd64 0.260
2022-03-22 16:44:09 status unpacked libdebconfclient0:amd64 0.260
2022-03-22 16:44:09 install coreutils:amd64 <none> 8.32-4+b1
2022-03-22 16:44:09 status half-installed coreutils:amd64 8.32-4+b1
2022-03-22 16:44:09 status unpacked coreutils:amd64 8.32-4+b1
2022-03-22 16:44:09 install dash:amd64 <none> 0.5.11+git20200708+dd9ef66-5
2022-03-22 16:44:09 status half-installed dash:amd64 0.5.11+git20200708+dd9ef66-5
2022-03-22 16:44:09 status unpacked dash:amd64 0.5.11+git20200708+dd9ef66-5
2022-03-22 16:44:09 install libdb5.3:amd64 <none> 5.3.28+dfsg1-0.8
2022-03-22 16:44:09 status half-installed libdb5.3:amd64 5.3.28+dfsg1-0.8
2022-03-22 16:44:09 status unpacked libdb5.3:amd64 5.3.28+dfsg1-0.8
2022-03-22 16:44:09 upgrade debconf:all 1.5.77 1.5.77
2022-03-22 16:44:09 status half-configured debconf:all 1.5.77
2022-03-22 16:44:09 status unpacked debconf:all 1.5.77
2022-03-22 16:44:09 status half-installed debconf:all 1.5.77
2022-03-22 16:44:09 status unpacked debconf:all 1.5.77
2022-03-22 16:44:09 install debian-archive-keyring:all <none> 2021.1.1
2022-03-22 16:44:09 status half-installed debian-archive-keyring:all 2021.1.1
2022-03-22 16:44:09 status unpacked debian-archive-keyring:all 2021.1.1
2022-03-22 16:44:09 install debianutils:amd64 <none> 4.11.2
2022-03-22 16:44:09 status half-installed debianutils:amd64 4.11.2
2022-03-22 16:44:09 status unpacked debianutils:amd64 4.11.2
2022-03-22 16:44:10 install diffutils:amd64 <none> 1:3.7-5
2022-03-22 16:44:10 status half-installed diffutils:amd64 1:3.7-5
2022-03-22 16:44:10 status unpacked diffutils:amd64 1:3.7-5
2022-03-22 16:44:10 upgrade dpkg:amd64 1.20.9 1.20.9
2022-03-22 16:44:10 status half-configured dpkg:amd64 1.20.9
2022-03-22 16:44:10 status unpacked dpkg:amd64 1.20.9
2022-03-22 16:44:10 status half-installed dpkg:amd64 1.20.9
2022-03-22 16:44:10 status unpacked dpkg:amd64 1.20.9
2022-03-22 16:44:10 install e2fsprogs:amd64 <none> 1.46.2-2
2022-03-22 16:44:10 status half-installed e2fsprogs:amd64 1.46.2-2
2022-03-22 16:44:10 status unpacked e2fsprogs:amd64 1.46.2-2
2022-03-22 16:44:10 install libcom-err2:amd64 <none> 1.46.2-2
2022-03-22 16:44:10 status half-installed libcom-err2:amd64 1.46.2-2
2022-03-22 16:44:10 status unpacked libcom-err2:amd64 1.46.2-2
2022-03-22 16:44:10 install libext2fs2:amd64 <none> 1.46.2-2
2022-03-22 16:44:10 status half-installed libext2fs2:amd64 1.46.2-2
2022-03-22 16:44:10 status unpacked libext2fs2:amd64 1.46.2-2
2022-03-22 16:44:10 install libss2:amd64 <none> 1.46.2-2
2022-03-22 16:44:10 status half-installed libss2:amd64 1.46.2-2
2022-03-22 16:44:10 status unpacked libss2:amd64 1.46.2-2
2022-03-22 16:44:10 install logsave:amd64 <none> 1.46.2-2
2022-03-22 16:44:10 status half-installed logsave:amd64 1.46.2-2
2022-03-22 16:44:10 status unpacked logsave:amd64 1.46.2-2
2022-03-22 16:44:10 install findutils:amd64 <none> 4.8.0-1
2022-03-22 16:44:10 status half-installed findutils:amd64 4.8.0-1
2022-03-22 16:44:10 status unpacked findutils:amd64 4.8.0-1
2022-03-22 16:44:10 install gcc-10-base:amd64 <none> 10.2.1-6
2022-03-22 16:44:10 status half-installed gcc-10-base:amd64 10.2.1-6
2022-03-22 16:44:10 status unpacked gcc-10-base:amd64 10.2.1-6
2022-03-22 16:44:10 install libgcc-s1:amd64 <none> 10.2.1-6
2022-03-22 16:44:10 status half-installed libgcc-s1:amd64 10.2.1-6
2022-03-22 16:44:11 status unpacked libgcc-s1:amd64 10.2.1-6
2022-03-22 16:44:11 install libstdc++6:amd64 <none> 10.2.1-6
2022-03-22 16:44:11 status half-installed libstdc++6:amd64 10.2.1-6
2022-03-22 16:44:11 status unpacked libstdc++6:amd64 10.2.1-6
2022-03-22 16:44:11 install gcc-9-base:amd64 <none> 9.3.0-22
2022-03-22 16:44:11 status half-installed gcc-9-base:amd64 9.3.0-22
2022-03-22 16:44:11 status unpacked gcc-9-base:amd64 9.3.0-22
2022-03-22 16:44:11 install libc-bin:amd64 <none> 2.31-13+deb11u2
2022-03-22 16:44:11 status half-installed libc-bin:amd64 2.31-13+deb11u2
2022-03-22 16:44:11 status unpacked libc-bin:amd64 2.31-13+deb11u2
2022-03-22 16:44:11 upgrade libc6:amd64 2.31-13+deb11u2 2.31-13+deb11u2
2022-03-22 16:44:11 status half-configured libc6:amd64 2.31-13+deb11u2
2022-03-22 16:44:11 status unpacked libc6:amd64 2.31-13+deb11u2
2022-03-22 16:44:11 status half-installed libc6:amd64 2.31-13+deb11u2
2022-03-22 16:44:11 status unpacked libc6:amd64 2.31-13+deb11u2
2022-03-22 16:44:11 install libgmp10:amd64 <none> 2:6.2.1+dfsg-1+deb11u1
2022-03-22 16:44:11 status half-installed libgmp10:amd64 2:6.2.1+dfsg-1+deb11u1
2022-03-22 16:44:11 status unpacked libgmp10:amd64 2:6.2.1+dfsg-1+deb11u1
2022-03-22 16:44:12 install gpgv:amd64 <none> 2.2.27-2
2022-03-22 16:44:12 status half-installed gpgv:amd64 2.2.27-2
2022-03-22 16:44:12 status unpacked gpgv:amd64 2.2.27-2
2022-03-22 16:44:12 install libgnutls30:amd64 <none> 3.7.1-5
2022-03-22 16:44:12 status half-installed libgnutls30:amd64 3.7.1-5
2022-03-22 16:44:12 status unpacked libgnutls30:amd64 3.7.1-5
2022-03-22 16:44:12 install grep:amd64 <none> 3.6-1
2022-03-22 16:44:12 status half-installed grep:amd64 3.6-1
2022-03-22 16:44:12 status unpacked grep:amd64 3.6-1
2022-03-22 16:44:12 install gzip:amd64 <none> 1.10-4
2022-03-22 16:44:12 status half-installed gzip:amd64 1.10-4
2022-03-22 16:44:12 status unpacked gzip:amd64 1.10-4
2022-03-22 16:44:12 install hostname:amd64 <none> 3.23
2022-03-22 16:44:12 status half-installed hostname:amd64 3.23
2022-03-22 16:44:12 status unpacked hostname:amd64 3.23
2022-03-22 16:44:12 install init-system-helpers:all <none> 1.60
2022-03-22 16:44:12 status half-installed init-system-helpers:all 1.60
2022-03-22 16:44:12 status unpacked init-system-helpers:all 1.60
2022-03-22 16:44:12 install libkeyutils1:amd64 <none> 1.6.1-2
2022-03-22 16:44:12 status half-installed libkeyutils1:amd64 1.6.1-2
2022-03-22 16:44:12 status unpacked libkeyutils1:amd64 1.6.1-2
2022-03-22 16:44:12 install libgssapi-krb5-2:amd64 <none> 1.18.3-6+deb11u1
2022-03-22 16:44:12 status half-installed libgssapi-krb5-2:amd64 1.18.3-6+deb11u1
2022-03-22 16:44:12 status unpacked libgssapi-krb5-2:amd64 1.18.3-6+deb11u1
2022-03-22 16:44:12 install libk5crypto3:amd64 <none> 1.18.3-6+deb11u1
2022-03-22 16:44:12 status half-installed libk5crypto3:amd64 1.18.3-6+deb11u1
2022-03-22 16:44:12 status unpacked libk5crypto3:amd64 1.18.3-6+deb11u1
2022-03-22 16:44:12 install libkrb5-3:amd64 <none> 1.18.3-6+deb11u1
2022-03-22 16:44:12 status half-installed libkrb5-3:amd64 1.18.3-6+deb11u1
2022-03-22 16:44:12 status unpacked libkrb5-3:amd64 1.18.3-6+deb11u1
2022-03-22 16:44:12 install libkrb5support0:amd64 <none> 1.18.3-6+deb11u1
2022-03-22 16:44:12 status half-installed libkrb5support0:amd64 1.18.3-6+deb11u1
2022-03-22 16:44:12 status unpacked libkrb5support0:amd64 1.18.3-6+deb11u1
2022-03-22 16:44:12 install libcap-ng0:amd64 <none> 0.7.9-2.2+b1
2022-03-22 16:44:12 status half-installed libcap-ng0:amd64 0.7.9-2.2+b1
2022-03-22 16:44:12 status unpacked libcap-ng0:amd64 0.7.9-2.2+b1
2022-03-22 16:44:12 install libffi7:amd64 <none> 3.3-6
2022-03-22 16:44:12 status half-installed libffi7:amd64 3.3-6
2022-03-22 16:44:12 status unpacked libffi7:amd64 3.3-6
2022-03-22 16:44:13 install libgcrypt20:amd64 <none> 1.8.7-6
2022-03-22 16:44:13 status half-installed libgcrypt20:amd64 1.8.7-6
2022-03-22 16:44:13 status unpacked libgcrypt20:amd64 1.8.7-6
2022-03-22 16:44:13 install libgpg-error0:amd64 <none> 1.38-2
2022-03-22 16:44:13 status half-installed libgpg-error0:amd64 1.38-2
2022-03-22 16:44:13 status unpacked libgpg-error0:amd64 1.38-2
2022-03-22 16:44:13 install libidn2-0:amd64 <none> 2.3.0-5
2022-03-22 16:44:13 status half-installed libidn2-0:amd64 2.3.0-5
2022-03-22 16:44:13 status unpacked libidn2-0:amd64 2.3.0-5
2022-03-22 16:44:13 install libnsl2:amd64 <none> 1.3.0-2
2022-03-22 16:44:13 status half-installed libnsl2:amd64 1.3.0-2
2022-03-22 16:44:13 status unpacked libnsl2:amd64 1.3.0-2
2022-03-22 16:44:13 install libseccomp2:amd64 <none> 2.5.1-1+deb11u1
2022-03-22 16:44:13 status half-installed libseccomp2:amd64 2.5.1-1+deb11u1
2022-03-22 16:44:13 status unpacked libseccomp2:amd64 2.5.1-1+deb11u1
2022-03-22 16:44:13 install libselinux1:amd64 <none> 3.1-3
2022-03-22 16:44:13 status half-installed libselinux1:amd64 3.1-3
2022-03-22 16:44:13 status unpacked libselinux1:amd64 3.1-3
2022-03-22 16:44:13 install libsemanage-common:all <none> 3.1-1
2022-03-22 16:44:13 status half-installed libsemanage-common:all 3.1-1
2022-03-22 16:44:13 status unpacked libsemanage-common:all 3.1-1
2022-03-22 16:44:13 install libsemanage1:amd64 <none> 3.1-1+b2
2022-03-22 16:44:13 status half-installed libsemanage1:amd64 3.1-1+b2
2022-03-22 16:44:13 status unpacked libsemanage1:amd64 3.1-1+b2
2022-03-22 16:44:13 install libsepol1:amd64 <none> 3.1-1
2022-03-22 16:44:13 status half-installed libsepol1:amd64 3.1-1
2022-03-22 16:44:13 status unpacked libsepol1:amd64 3.1-1
2022-03-22 16:44:13 install libtasn1-6:amd64 <none> 4.16.0-2
2022-03-22 16:44:13 status half-installed libtasn1-6:amd64 4.16.0-2
2022-03-22 16:44:13 status unpacked libtasn1-6:amd64 4.16.0-2
2022-03-22 16:44:13 install libtirpc-common:all <none> 1.3.1-1
2022-03-22 16:44:13 status half-installed libtirpc-common:all 1.3.1-1
2022-03-22 16:44:13 status unpacked libtirpc-common:all 1.3.1-1
2022-03-22 16:44:13 install libtirpc3:amd64 <none> 1.3.1-1
2022-03-22 16:44:13 status half-installed libtirpc3:amd64 1.3.1-1
2022-03-22 16:44:13 status unpacked libtirpc3:amd64 1.3.1-1
2022-03-22 16:44:13 install libunistring2:amd64 <none> 0.9.10-4
2022-03-22 16:44:13 status half-installed libunistring2:amd64 0.9.10-4
2022-03-22 16:44:14 status unpacked libunistring2:amd64 0.9.10-4
2022-03-22 16:44:14 install libcrypt1:amd64 <none> 1:4.4.18-4
2022-03-22 16:44:14 status half-installed libcrypt1:amd64 1:4.4.18-4
2022-03-22 16:44:14 status unpacked libcrypt1:amd64 1:4.4.18-4
2022-03-22 16:44:14 install libzstd1:amd64 <none> 1.4.8+dfsg-2.1
2022-03-22 16:44:14 status half-installed libzstd1:amd64 1.4.8+dfsg-2.1
2022-03-22 16:44:14 status unpacked libzstd1:amd64 1.4.8+dfsg-2.1
2022-03-22 16:44:14 install lsb-base:all <none> 11.1.0
2022-03-22 16:44:14 status half-installed lsb-base:all 11.1.0
2022-03-22 16:44:14 status unpacked lsb-base:all 11.1.0
2022-03-22 16:44:14 install liblz4-1:amd64 <none> 1.9.3-2
2022-03-22 16:44:14 status half-installed liblz4-1:amd64 1.9.3-2
2022-03-22 16:44:14 status unpacked liblz4-1:amd64 1.9.3-2
2022-03-22 16:44:14 upgrade mawk:amd64 1.3.4.20200120-2 1.3.4.20200120-2
2022-03-22 16:44:14 status half-configured mawk:amd64 1.3.4.20200120-2
2022-03-22 16:44:14 status unpacked mawk:amd64 1.3.4.20200120-2
2022-03-22 16:44:14 status half-installed mawk:amd64 1.3.4.20200120-2
2022-03-22 16:44:14 status unpacked mawk:amd64 1.3.4.20200120-2
2022-03-22 16:44:14 install libtinfo6:amd64 <none> 6.2+20201114-2
2022-03-22 16:44:14 status half-installed libtinfo6:amd64 6.2+20201114-2
2022-03-22 16:44:14 status unpacked libtinfo6:amd64 6.2+20201114-2
2022-03-22 16:44:14 install ncurses-base:all <none> 6.2+20201114-2
2022-03-22 16:44:14 status half-installed ncurses-base:all 6.2+20201114-2
2022-03-22 16:44:14 status unpacked ncurses-base:all 6.2+20201114-2
2022-03-22 16:44:14 install ncurses-bin:amd64 <none> 6.2+20201114-2
2022-03-22 16:44:14 status half-installed ncurses-bin:amd64 6.2+20201114-2
2022-03-22 16:44:14 status unpacked ncurses-bin:amd64 6.2+20201114-2
2022-03-22 16:44:14 install libhogweed6:amd64 <none> 3.7.3-1
2022-03-22 16:44:14 status half-installed libhogweed6:amd64 3.7.3-1
2022-03-22 16:44:14 status unpacked libhogweed6:amd64 3.7.3-1
2022-03-22 16:44:14 install libnettle8:amd64 <none> 3.7.3-1
2022-03-22 16:44:14 status half-installed libnettle8:amd64 3.7.3-1
2022-03-22 16:44:14 status unpacked libnettle8:amd64 3.7.3-1
2022-03-22 16:44:14 install libssl1.1:amd64 <none> 1.1.1k-1+deb11u1
2022-03-22 16:44:14 status half-installed libssl1.1:amd64 1.1.1k-1+deb11u1
2022-03-22 16:44:15 status unpacked libssl1.1:amd64 1.1.1k-1+deb11u1
2022-03-22 16:44:15 install libp11-kit0:amd64 <none> 0.23.22-1
2022-03-22 16:44:15 status half-installed libp11-kit0:amd64 0.23.22-1
2022-03-22 16:44:15 status unpacked libp11-kit0:amd64 0.23.22-1
2022-03-22 16:44:15 install libpam-modules:amd64 <none> 1.4.0-9+deb11u1
2022-03-22 16:44:15 status half-installed libpam-modules:amd64 1.4.0-9+deb11u1
2022-03-22 16:44:15 status unpacked libpam-modules:amd64 1.4.0-9+deb11u1
2022-03-22 16:44:15 install libpam-modules-bin:amd64 <none> 1.4.0-9+deb11u1
2022-03-22 16:44:15 status half-installed libpam-modules-bin:amd64 1.4.0-9+deb11u1
2022-03-22 16:44:15 status unpacked libpam-modules-bin:amd64 1.4.0-9+deb11u1
2022-03-22 16:44:15 install libpam-runtime:all <none> 1.4.0-9+deb11u1
2022-03-22 16:44:15 status half-installed libpam-runtime:all 1.4.0-9+deb11u1
2022-03-22 16:44:15 status unpacked libpam-runtime:all 1.4.0-9+deb11u1
2022-03-22 16:44:15 install libpam0g:amd64 <none> 1.4.0-9+deb11u1
2022-03-22 16:44:15 status half-installed libpam0g:amd64 1.4.0-9+deb11u1
2022-03-22 16:44:15 status unpacked libpam0g:amd64 1.4.0-9+deb11u1
2022-03-22 16:44:15 install libpcre2-8-0:amd64 <none> 10.36-2
2022-03-22 16:44:15 status half-installed libpcre2-8-0:amd64 10.36-2
2022-03-22 16:44:15 status unpacked libpcre2-8-0:amd64 10.36-2
2022-03-22 16:44:15 install libpcre3:amd64 <none> 2:8.39-13
2022-03-22 16:44:15 status half-installed libpcre3:amd64 2:8.39-13
2022-03-22 16:44:15 status unpacked libpcre3:amd64 2:8.39-13
2022-03-22 16:44:15 upgrade perl-base:amd64 5.32.1-4+deb11u2 5.32.1-4+deb11u2
2022-03-22 16:44:15 status half-configured perl-base:amd64 5.32.1-4+deb11u2
2022-03-22 16:44:15 status unpacked perl-base:amd64 5.32.1-4+deb11u2
2022-03-22 16:44:15 status half-installed perl-base:amd64 5.32.1-4+deb11u2
2022-03-22 16:44:16 status unpacked perl-base:amd64 5.32.1-4+deb11u2
2022-03-22 16:44:16 install sed:amd64 <none> 4.7-1
2022-03-22 16:44:16 status half-installed sed:amd64 4.7-1
2022-03-22 16:44:16 status unpacked sed:amd64 4.7-1
2022-03-22 16:44:16 install login:amd64 <none> 1:4.8.1-1
2022-03-22 16:44:16 status half-installed login:amd64 1:4.8.1-1
2022-03-22 16:44:16 status unpacked login:amd64 1:4.8.1-1
2022-03-22 16:44:16 install passwd:amd64 <none> 1:4.8.1-1
2022-03-22 16:44:16 status half-installed passwd:amd64 1:4.8.1-1
2022-03-22 16:44:16 status unpacked passwd:amd64 1:4.8.1-1
2022-03-22 16:44:16 install libsystemd0:amd64 <none> 247.3-6
2022-03-22 16:44:16 status half-installed libsystemd0:amd64 247.3-6
2022-03-22 16:44:16 status unpacked libsystemd0:amd64 247.3-6
2022-03-22 16:44:16 install libudev1:amd64 <none> 247.3-6
2022-03-22 16:44:16 status half-installed libudev1:amd64 247.3-6
2022-03-22 16:44:16 status unpacked libudev1:amd64 247.3-6
2022-03-22 16:44:16 install sysvinit-utils:amd64 <none> 2.96-7
2022-03-22 16:44:16 status half-installed sysvinit-utils:amd64 2.96-7
2022-03-22 16:44:16 status unpacked sysvinit-utils:amd64 2.96-7
2022-03-22 16:44:16 install tar:amd64 <none> 1.34+dfsg-1
2022-03-22 16:44:16 status half-installed tar:amd64 1.34+dfsg-1
2022-03-22 16:44:16 status unpacked tar:amd64 1.34+dfsg-1
2022-03-22 16:44:17 install tzdata:all <none> 2021a-1+deb11u2
2022-03-22 16:44:17 status half-installed tzdata:all 2021a-1+deb11u2
2022-03-22 16:44:17 status unpacked tzdata:all 2021a-1+deb11u2
2022-03-22 16:44:17 install bsdutils:amd64 <none> 1:2.36.1-8
2022-03-22 16:44:17 status half-installed bsdutils:amd64 1:2.36.1-8
2022-03-22 16:44:17 status unpacked bsdutils:amd64 1:2.36.1-8
2022-03-22 16:44:17 install libblkid1:amd64 <none> 2.36.1-8
2022-03-22 16:44:17 status half-installed libblkid1:amd64 2.36.1-8
2022-03-22 16:44:17 status unpacked libblkid1:amd64 2.36.1-8
2022-03-22 16:44:17 install libmount1:amd64 <none> 2.36.1-8
2022-03-22 16:44:17 status half-installed libmount1:amd64 2.36.1-8
2022-03-22 16:44:17 status unpacked libmount1:amd64 2.36.1-8
2022-03-22 16:44:17 install libsmartcols1:amd64 <none> 2.36.1-8
2022-03-22 16:44:17 status half-installed libsmartcols1:amd64 2.36.1-8
2022-03-22 16:44:17 status unpacked libsmartcols1:amd64 2.36.1-8
2022-03-22 16:44:17 install libuuid1:amd64 <none> 2.36.1-8
2022-03-22 16:44:17 status half-installed libuuid1:amd64 2.36.1-8
2022-03-22 16:44:17 status unpacked libuuid1:amd64 2.36.1-8
2022-03-22 16:44:17 install mount:amd64 <none> 2.36.1-8
2022-03-22 16:44:17 status half-installed mount:amd64 2.36.1-8
2022-03-22 16:44:17 status unpacked mount:amd64 2.36.1-8
2022-03-22 16:44:17 install util-linux:amd64 <none> 2.36.1-8
2022-03-22 16:44:17 status half-installed util-linux:amd64 2.36.1-8
2022-03-22 16:44:17 status unpacked util-linux:amd64 2.36.1-8
2022-03-22 16:44:17 install libxxhash0:amd64 <none> 0.8.0-2
2022-03-22 16:44:17 status half-installed libxxhash0:amd64 0.8.0-2
2022-03-22 16:44:18 status unpacked libxxhash0:amd64 0.8.0-2
2022-03-22 16:44:18 install liblzma5:amd64 <none> 5.2.5-2
2022-03-22 16:44:18 status half-installed liblzma5:amd64 5.2.5-2
2022-03-22 16:44:18 status unpacked liblzma5:amd64 5.2.5-2
2022-03-22 16:44:18 install zlib1g:amd64 <none> 1:1.2.11.dfsg-2
2022-03-22 16:44:18 status half-installed zlib1g:amd64 1:1.2.11.dfsg-2
2022-03-22 16:44:18 status unpacked zlib1g:amd64 1:1.2.11.dfsg-2
2022-03-22 16:44:18 startup packages configure
2022-03-22 16:44:18 configure lsb-base:all 11.1.0 <none>
2022-03-22 16:44:18 status unpacked lsb-base:all 11.1.0
2022-03-22 16:44:18 status half-configured lsb-base:all 11.1.0
2022-03-22 16:44:18 status installed lsb-base:all 11.1.0
2022-03-22 16:44:18 configure libtirpc-common:all 1.3.1-1 <none>
2022-03-22 16:44:18 status unpacked libtirpc-common:all 1.3.1-1
2022-03-22 16:44:18 status half-configured libtirpc-common:all 1.3.1-1
2022-03-22 16:44:18 status installed libtirpc-common:all 1.3.1-1
2022-03-22 16:44:18 configure debian-archive-keyring:all 2021.1.1 <none>
2022-03-22 16:44:18 status unpacked debian-archive-keyring:all 2021.1.1
2022-03-22 16:44:18 status half-configured debian-archive-keyring:all 2021.1.1
2022-03-22 16:44:18 status installed debian-archive-keyring:all 2021.1.1
2022-03-22 16:44:18 configure libaudit-common:all 1:3.0-2 <none>
2022-03-22 16:44:18 status unpacked libaudit-common:all 1:3.0-2
2022-03-22 16:44:18 status half-configured libaudit-common:all 1:3.0-2
2022-03-22 16:44:18 status installed libaudit-common:all 1:3.0-2
2022-03-22 16:44:18 configure libsemanage-common:all 3.1-1 <none>
2022-03-22 16:44:18 status unpacked libsemanage-common:all 3.1-1
2022-03-22 16:44:18 status half-configured libsemanage-common:all 3.1-1
2022-03-22 16:44:18 status installed libsemanage-common:all 3.1-1
2022-03-22 16:44:18 configure gcc-10-base:amd64 10.2.1-6 <none>
2022-03-22 16:44:18 status unpacked gcc-10-base:amd64 10.2.1-6
2022-03-22 16:44:18 status half-configured gcc-10-base:amd64 10.2.1-6
2022-03-22 16:44:18 status installed gcc-10-base:amd64 10.2.1-6
2022-03-22 16:44:18 configure ncurses-base:all 6.2+20201114-2 <none>
2022-03-22 16:44:18 status unpacked ncurses-base:all 6.2+20201114-2
2022-03-22 16:44:18 status half-configured ncurses-base:all 6.2+20201114-2
2022-03-22 16:44:18 status installed ncurses-base:all 6.2+20201114-2
2022-03-22 16:44:18 configure gcc-9-base:amd64 9.3.0-22 <none>
2022-03-22 16:44:18 status unpacked gcc-9-base:amd64 9.3.0-22
2022-03-22 16:44:18 status half-configured gcc-9-base:amd64 9.3.0-22
2022-03-22 16:44:18 status installed gcc-9-base:amd64 9.3.0-22
2022-03-22 16:44:18 configure libcrypt1:amd64 1:4.4.18-4 <none>
2022-03-22 16:44:18 status unpacked libcrypt1:amd64 1:4.4.18-4
2022-03-22 16:44:18 status half-configured libcrypt1:amd64 1:4.4.18-4
2022-03-22 16:44:18 status installed libcrypt1:amd64 1:4.4.18-4
2022-03-22 16:44:18 configure libgcc-s1:amd64 10.2.1-6 <none>
2022-03-22 16:44:18 status unpacked libgcc-s1:amd64 10.2.1-6
2022-03-22 16:44:18 status half-configured libgcc-s1:amd64 10.2.1-6
2022-03-22 16:44:18 status installed libgcc-s1:amd64 10.2.1-6
2022-03-22 16:44:18 configure libc6:amd64 2.31-13+deb11u2 <none>
2022-03-22 16:44:18 status unpacked libc6:amd64 2.31-13+deb11u2
2022-03-22 16:44:18 status half-configured libc6:amd64 2.31-13+deb11u2
2022-03-22 16:44:18 status installed libc6:amd64 2.31-13+deb11u2
2022-03-22 16:44:18 configure libudev1:amd64 247.3-6 <none>
2022-03-22 16:44:18 status unpacked libudev1:amd64 247.3-6
2022-03-22 16:44:18 status half-configured libudev1:amd64 247.3-6
2022-03-22 16:44:18 status installed libudev1:amd64 247.3-6
2022-03-22 16:44:18 configure libsepol1:amd64 3.1-1 <none>
2022-03-22 16:44:18 status unpacked libsepol1:amd64 3.1-1
2022-03-22 16:44:18 status half-configured libsepol1:amd64 3.1-1
2022-03-22 16:44:18 status installed libsepol1:amd64 3.1-1
2022-03-22 16:44:18 configure libxxhash0:amd64 0.8.0-2 <none>
2022-03-22 16:44:18 status unpacked libxxhash0:amd64 0.8.0-2
2022-03-22 16:44:18 status half-configured libxxhash0:amd64 0.8.0-2
2022-03-22 16:44:18 status installed libxxhash0:amd64 0.8.0-2
2022-03-22 16:44:18 configure libattr1:amd64 1:2.4.48-6 <none>
2022-03-22 16:44:18 status unpacked libattr1:amd64 1:2.4.48-6
2022-03-22 16:44:18 status half-configured libattr1:amd64 1:2.4.48-6
2022-03-22 16:44:18 status installed libattr1:amd64 1:2.4.48-6
2022-03-22 16:44:18 configure sysvinit-utils:amd64 2.96-7 <none>
2022-03-22 16:44:18 status unpacked sysvinit-utils:amd64 2.96-7
2022-03-22 16:44:18 status half-configured sysvinit-utils:amd64 2.96-7
2022-03-22 16:44:18 status installed sysvinit-utils:amd64 2.96-7
2022-03-22 16:44:18 configure libtasn1-6:amd64 4.16.0-2 <none>
2022-03-22 16:44:18 status unpacked libtasn1-6:amd64 4.16.0-2
2022-03-22 16:44:18 status half-configured libtasn1-6:amd64 4.16.0-2
2022-03-22 16:44:18 status installed libtasn1-6:amd64 4.16.0-2
2022-03-22 16:44:18 configure debianutils:amd64 4.11.2 <none>
2022-03-22 16:44:18 status unpacked debianutils:amd64 4.11.2
2022-03-22 16:44:18 status half-configured debianutils:amd64 4.11.2
2022-03-22 16:44:18 status installed debianutils:amd64 4.11.2
2022-03-22 16:44:18 configure mawk:amd64 1.3.4.20200120-2 <none>
2022-03-22 16:44:18 status unpacked mawk:amd64 1.3.4.20200120-2
2022-03-22 16:44:18 status half-configured mawk:amd64 1.3.4.20200120-2
2022-03-22 16:44:18 status installed mawk:amd64 1.3.4.20200120-2
2022-03-22 16:44:18 configure libdebconfclient0:amd64 0.260 <none>
2022-03-22 16:44:18 status unpacked libdebconfclient0:amd64 0.260
2022-03-22 16:44:18 status half-configured libdebconfclient0:amd64 0.260
2022-03-22 16:44:18 status installed libdebconfclient0:amd64 0.260
2022-03-22 16:44:18 configure base-files:amd64 11.1+deb11u2 <none>
2022-03-22 16:44:18 status unpacked base-files:amd64 11.1+deb11u2
2022-03-22 16:44:18 status half-configured base-files:amd64 11.1+deb11u2
2022-03-22 16:44:18 status installed base-files:amd64 11.1+deb11u2
2022-03-22 16:44:18 configure libbz2-1.0:amd64 1.0.8-4 <none>
2022-03-22 16:44:18 status unpacked libbz2-1.0:amd64 1.0.8-4
2022-03-22 16:44:18 status half-configured libbz2-1.0:amd64 1.0.8-4
2022-03-22 16:44:18 status installed libbz2-1.0:amd64 1.0.8-4
2022-03-22 16:44:18 configure base-passwd:amd64 3.5.51 <none>
2022-03-22 16:44:18 status unpacked base-passwd:amd64 3.5.51
2022-03-22 16:44:18 status half-configured base-passwd:amd64 3.5.51
2022-03-22 16:44:18 status installed base-passwd:amd64 3.5.51
2022-03-22 16:44:18 configure libdb5.3:amd64 5.3.28+dfsg1-0.8 <none>
2022-03-22 16:44:18 status unpacked libdb5.3:amd64 5.3.28+dfsg1-0.8
2022-03-22 16:44:18 status half-configured libdb5.3:amd64 5.3.28+dfsg1-0.8
2022-03-22 16:44:18 status installed libdb5.3:amd64 5.3.28+dfsg1-0.8
2022-03-22 16:44:18 configure libblkid1:amd64 2.36.1-8 <none>
2022-03-22 16:44:18 status unpacked libblkid1:amd64 2.36.1-8
2022-03-22 16:44:18 status half-configured libblkid1:amd64 2.36.1-8
2022-03-22 16:44:18 status installed libblkid1:amd64 2.36.1-8
2022-03-22 16:44:18 configure libstdc++6:amd64 10.2.1-6 <none>
2022-03-22 16:44:18 status unpacked libstdc++6:amd64 10.2.1-6
2022-03-22 16:44:18 status half-configured libstdc++6:amd64 10.2.1-6
2022-03-22 16:44:18 status installed libstdc++6:amd64 10.2.1-6
2022-03-22 16:44:18 configure libtinfo6:amd64 6.2+20201114-2 <none>
2022-03-22 16:44:18 status unpacked libtinfo6:amd64 6.2+20201114-2
2022-03-22 16:44:18 status half-configured libtinfo6:amd64 6.2+20201114-2
2022-03-22 16:44:18 status installed libtinfo6:amd64 6.2+20201114-2
2022-03-22 16:44:18 configure bash:amd64 5.1-2+b3 <none>
2022-03-22 16:44:18 status unpacked bash:amd64 5.1-2+b3
2022-03-22 16:44:18 status half-configured bash:amd64 5.1-2+b3
2022-03-22 16:44:18 status installed bash:amd64 5.1-2+b3
2022-03-22 16:44:18 configure libzstd1:amd64 1.4.8+dfsg-2.1 <none>
2022-03-22 16:44:18 status unpacked libzstd1:amd64 1.4.8+dfsg-2.1
2022-03-22 16:44:18 status half-configured libzstd1:amd64 1.4.8+dfsg-2.1
2022-03-22 16:44:18 status installed libzstd1:amd64 1.4.8+dfsg-2.1
2022-03-22 16:44:18 configure libkeyutils1:amd64 1.6.1-2 <none>
2022-03-22 16:44:18 status unpacked libkeyutils1:amd64 1.6.1-2
2022-03-22 16:44:18 status half-configured libkeyutils1:amd64 1.6.1-2
2022-03-22 16:44:18 status installed libkeyutils1:amd64 1.6.1-2
2022-03-22 16:44:18 configure liblzma5:amd64 5.2.5-2 <none>
2022-03-22 16:44:18 status unpacked liblzma5:amd64 5.2.5-2
2022-03-22 16:44:18 status half-configured liblzma5:amd64 5.2.5-2
2022-03-22 16:44:18 status installed liblzma5:amd64 5.2.5-2
2022-03-22 16:44:18 configure libgpg-error0:amd64 1.38-2 <none>
2022-03-22 16:44:18 status unpacked libgpg-error0:amd64 1.38-2
2022-03-22 16:44:18 status half-configured libgpg-error0:amd64 1.38-2
2022-03-22 16:44:18 status installed libgpg-error0:amd64 1.38-2
2022-03-22 16:44:18 configure liblz4-1:amd64 1.9.3-2 <none>
2022-03-22 16:44:18 status unpacked liblz4-1:amd64 1.9.3-2
2022-03-22 16:44:18 status half-configured liblz4-1:amd64 1.9.3-2
2022-03-22 16:44:18 status installed liblz4-1:amd64 1.9.3-2
2022-03-22 16:44:18 configure libc-bin:amd64 2.31-13+deb11u2 <none>
2022-03-22 16:44:18 status unpacked libc-bin:amd64 2.31-13+deb11u2
2022-03-22 16:44:18 status half-configured libc-bin:amd64 2.31-13+deb11u2
2022-03-22 16:44:18 status installed libc-bin:amd64 2.31-13+deb11u2
2022-03-22 16:44:18 configure ncurses-bin:amd64 6.2+20201114-2 <none>
2022-03-22 16:44:18 status unpacked ncurses-bin:amd64 6.2+20201114-2
2022-03-22 16:44:18 status half-configured ncurses-bin:amd64 6.2+20201114-2
2022-03-22 16:44:18 status installed ncurses-bin:amd64 6.2+20201114-2
2022-03-22 16:44:18 configure libffi7:amd64 3.3-6 <none>
2022-03-22 16:44:18 status triggers-pending libc-bin:amd64 2.31-13+deb11u2
2022-03-22 16:44:18 status unpacked libffi7:amd64 3.3-6
2022-03-22 16:44:18 status half-configured libffi7:amd64 3.3-6
2022-03-22 16:44:18 status installed libffi7:amd64 3.3-6
2022-03-22 16:44:18 configure libacl1:amd64 2.2.53-10 <none>
2022-03-22 16:44:18 status unpacked libacl1:amd64 2.2.53-10
2022-03-22 16:44:18 status half-configured libacl1:amd64 2.2.53-10
2022-03-22 16:44:18 status installed libacl1:amd64 2.2.53-10
2022-03-22 16:44:18 configure libunistring2:amd64 0.9.10-4 <none>
2022-03-22 16:44:18 status unpacked libunistring2:amd64 0.9.10-4
2022-03-22 16:44:18 status half-configured libunistring2:amd64 0.9.10-4
2022-03-22 16:44:18 status installed libunistring2:amd64 0.9.10-4
2022-03-22 16:44:18 configure libsmartcols1:amd64 2.36.1-8 <none>
2022-03-22 16:44:18 status unpacked libsmartcols1:amd64 2.36.1-8
2022-03-22 16:44:18 status half-configured libsmartcols1:amd64 2.36.1-8
2022-03-22 16:44:18 status installed libsmartcols1:amd64 2.36.1-8
2022-03-22 16:44:18 configure libgcrypt20:amd64 1.8.7-6 <none>
2022-03-22 16:44:18 status unpacked libgcrypt20:amd64 1.8.7-6
2022-03-22 16:44:18 status half-configured libgcrypt20:amd64 1.8.7-6
2022-03-22 16:44:18 status installed libgcrypt20:amd64 1.8.7-6
2022-03-22 16:44:18 configure zlib1g:amd64 1:1.2.11.dfsg-2 <none>
2022-03-22 16:44:18 status unpacked zlib1g:amd64 1:1.2.11.dfsg-2
2022-03-22 16:44:18 status half-configured zlib1g:amd64 1:1.2.11.dfsg-2
2022-03-22 16:44:19 status installed zlib1g:amd64 1:1.2.11.dfsg-2
2022-03-22 16:44:19 configure libidn2-0:amd64 2.3.0-5 <none>
2022-03-22 16:44:19 status unpacked libidn2-0:amd64 2.3.0-5
2022-03-22 16:44:19 status half-configured libidn2-0:amd64 2.3.0-5
2022-03-22 16:44:19 status installed libidn2-0:amd64 2.3.0-5
2022-03-22 16:44:19 configure libcom-err2:amd64 1.46.2-2 <none>
2022-03-22 16:44:19 status unpacked libcom-err2:amd64 1.46.2-2
2022-03-22 16:44:19 status half-configured libcom-err2:amd64 1.46.2-2
2022-03-22 16:44:19 status installed libcom-err2:amd64 1.46.2-2
2022-03-22 16:44:19 configure diffutils:amd64 1:3.7-5 <none>
2022-03-22 16:44:19 status unpacked diffutils:amd64 1:3.7-5
2022-03-22 16:44:19 status half-configured diffutils:amd64 1:3.7-5
2022-03-22 16:44:19 status installed diffutils:amd64 1:3.7-5
2022-03-22 16:44:19 configure libseccomp2:amd64 2.5.1-1+deb11u1 <none>
2022-03-22 16:44:19 status unpacked libseccomp2:amd64 2.5.1-1+deb11u1
2022-03-22 16:44:19 status half-configured libseccomp2:amd64 2.5.1-1+deb11u1
2022-03-22 16:44:19 status installed libseccomp2:amd64 2.5.1-1+deb11u1
2022-03-22 16:44:19 configure libsystemd0:amd64 247.3-6 <none>
2022-03-22 16:44:19 status unpacked libsystemd0:amd64 247.3-6
2022-03-22 16:44:19 status half-configured libsystemd0:amd64 247.3-6
2022-03-22 16:44:19 status installed libsystemd0:amd64 247.3-6
2022-03-22 16:44:19 configure libkrb5support0:amd64 1.18.3-6+deb11u1 <none>
2022-03-22 16:44:19 status unpacked libkrb5support0:amd64 1.18.3-6+deb11u1
2022-03-22 16:44:19 status half-configured libkrb5support0:amd64 1.18.3-6+deb11u1
2022-03-22 16:44:19 status installed libkrb5support0:amd64 1.18.3-6+deb11u1
2022-03-22 16:44:19 configure hostname:amd64 3.23 <none>
2022-03-22 16:44:19 status unpacked hostname:amd64 3.23
2022-03-22 16:44:19 status half-configured hostname:amd64 3.23
2022-03-22 16:44:19 status installed hostname:amd64 3.23
2022-03-22 16:44:19 configure libpcre3:amd64 2:8.39-13 <none>
2022-03-22 16:44:19 status unpacked libpcre3:amd64 2:8.39-13
2022-03-22 16:44:19 status half-configured libpcre3:amd64 2:8.39-13
2022-03-22 16:44:19 status installed libpcre3:amd64 2:8.39-13
2022-03-22 16:44:19 configure libcap-ng0:amd64 0.7.9-2.2+b1 <none>
2022-03-22 16:44:19 status unpacked libcap-ng0:amd64 0.7.9-2.2+b1
2022-03-22 16:44:19 status half-configured libcap-ng0:amd64 0.7.9-2.2+b1
2022-03-22 16:44:19 status installed libcap-ng0:amd64 0.7.9-2.2+b1
2022-03-22 16:44:19 configure libext2fs2:amd64 1.46.2-2 <none>
2022-03-22 16:44:19 status unpacked libext2fs2:amd64 1.46.2-2
2022-03-22 16:44:19 status half-configured libext2fs2:amd64 1.46.2-2
2022-03-22 16:44:19 status installed libext2fs2:amd64 1.46.2-2
2022-03-22 16:44:19 configure libnettle8:amd64 3.7.3-1 <none>
2022-03-22 16:44:19 status unpacked libnettle8:amd64 3.7.3-1
2022-03-22 16:44:19 status half-configured libnettle8:amd64 3.7.3-1
2022-03-22 16:44:19 status installed libnettle8:amd64 3.7.3-1
2022-03-22 16:44:19 configure libapt-pkg6.0:amd64 2.2.4 <none>
2022-03-22 16:44:19 status unpacked libapt-pkg6.0:amd64 2.2.4
2022-03-22 16:44:19 status half-configured libapt-pkg6.0:amd64 2.2.4
2022-03-22 16:44:19 status installed libapt-pkg6.0:amd64 2.2.4
2022-03-22 16:44:19 configure libgmp10:amd64 2:6.2.1+dfsg-1+deb11u1 <none>
2022-03-22 16:44:19 status unpacked libgmp10:amd64 2:6.2.1+dfsg-1+deb11u1
2022-03-22 16:44:19 status half-configured libgmp10:amd64 2:6.2.1+dfsg-1+deb11u1
2022-03-22 16:44:19 status installed libgmp10:amd64 2:6.2.1+dfsg-1+deb11u1
2022-03-22 16:44:19 configure libp11-kit0:amd64 0.23.22-1 <none>
2022-03-22 16:44:19 status unpacked libp11-kit0:amd64 0.23.22-1
2022-03-22 16:44:19 status half-configured libp11-kit0:amd64 0.23.22-1
2022-03-22 16:44:19 status installed libp11-kit0:amd64 0.23.22-1
2022-03-22 16:44:19 configure libaudit1:amd64 1:3.0-2 <none>
2022-03-22 16:44:19 status unpacked libaudit1:amd64 1:3.0-2
2022-03-22 16:44:19 status half-configured libaudit1:amd64 1:3.0-2
2022-03-22 16:44:19 status installed libaudit1:amd64 1:3.0-2
2022-03-22 16:44:19 configure libuuid1:amd64 2.36.1-8 <none>
2022-03-22 16:44:19 status unpacked libuuid1:amd64 2.36.1-8
2022-03-22 16:44:19 status half-configured libuuid1:amd64 2.36.1-8
2022-03-22 16:44:19 status installed libuuid1:amd64 2.36.1-8
2022-03-22 16:44:19 configure libss2:amd64 1.46.2-2 <none>
2022-03-22 16:44:19 status unpacked libss2:amd64 1.46.2-2
2022-03-22 16:44:19 status half-configured libss2:amd64 1.46.2-2
2022-03-22 16:44:19 status installed libss2:amd64 1.46.2-2
2022-03-22 16:44:19 configure libpcre2-8-0:amd64 10.36-2 <none>
2022-03-22 16:44:19 status unpacked libpcre2-8-0:amd64 10.36-2
2022-03-22 16:44:19 status half-configured libpcre2-8-0:amd64 10.36-2
2022-03-22 16:44:19 status installed libpcre2-8-0:amd64 10.36-2
2022-03-22 16:44:19 configure libk5crypto3:amd64 1.18.3-6+deb11u1 <none>
2022-03-22 16:44:19 status unpacked libk5crypto3:amd64 1.18.3-6+deb11u1
2022-03-22 16:44:19 status half-configured libk5crypto3:amd64 1.18.3-6+deb11u1
2022-03-22 16:44:19 status installed libk5crypto3:amd64 1.18.3-6+deb11u1
2022-03-22 16:44:19 configure logsave:amd64 1.46.2-2 <none>
2022-03-22 16:44:19 status unpacked logsave:amd64 1.46.2-2
2022-03-22 16:44:19 status half-configured logsave:amd64 1.46.2-2
2022-03-22 16:44:19 status installed logsave:amd64 1.46.2-2
2022-03-22 16:44:19 configure gpgv:amd64 2.2.27-2 <none>
2022-03-22 16:44:19 status unpacked gpgv:amd64 2.2.27-2
2022-03-22 16:44:19 status half-configured gpgv:amd64 2.2.27-2
2022-03-22 16:44:19 status installed gpgv:amd64 2.2.27-2
2022-03-22 16:44:19 configure libhogweed6:amd64 3.7.3-1 <none>
2022-03-22 16:44:19 status unpacked libhogweed6:amd64 3.7.3-1
2022-03-22 16:44:19 status half-configured libhogweed6:amd64 3.7.3-1
2022-03-22 16:44:19 status installed libhogweed6:amd64 3.7.3-1
2022-03-22 16:44:19 configure bsdutils:amd64 1:2.36.1-8 <none>
2022-03-22 16:44:19 status unpacked bsdutils:amd64 1:2.36.1-8
2022-03-22 16:44:19 status half-configured bsdutils:amd64 1:2.36.1-8
2022-03-22 16:44:19 status installed bsdutils:amd64 1:2.36.1-8
2022-03-22 16:44:19 configure e2fsprogs:amd64 1.46.2-2 <none>
2022-03-22 16:44:19 status unpacked e2fsprogs:amd64 1.46.2-2
2022-03-22 16:44:19 status half-configured e2fsprogs:amd64 1.46.2-2
2022-03-22 16:44:19 status installed e2fsprogs:amd64 1.46.2-2
2022-03-22 16:44:19 configure libselinux1:amd64 3.1-3 <none>
2022-03-22 16:44:19 status unpacked libselinux1:amd64 3.1-3
2022-03-22 16:44:19 status half-configured libselinux1:amd64 3.1-3
2022-03-22 16:44:19 status installed libselinux1:amd64 3.1-3
2022-03-22 16:44:19 configure libgnutls30:amd64 3.7.1-5 <none>
2022-03-22 16:44:19 status unpacked libgnutls30:amd64 3.7.1-5
2022-03-22 16:44:19 status half-configured libgnutls30:amd64 3.7.1-5
2022-03-22 16:44:19 status installed libgnutls30:amd64 3.7.1-5
2022-03-22 16:44:19 configure sed:amd64 4.7-1 <none>
2022-03-22 16:44:19 status unpacked sed:amd64 4.7-1
2022-03-22 16:44:19 status half-configured sed:amd64 4.7-1
2022-03-22 16:44:19 status installed sed:amd64 4.7-1
2022-03-22 16:44:19 configure findutils:amd64 4.8.0-1 <none>
2022-03-22 16:44:19 status unpacked findutils:amd64 4.8.0-1
2022-03-22 16:44:19 status half-configured findutils:amd64 4.8.0-1
2022-03-22 16:44:19 status installed findutils:amd64 4.8.0-1
2022-03-22 16:44:19 configure libmount1:amd64 2.36.1-8 <none>
2022-03-22 16:44:19 status unpacked libmount1:amd64 2.36.1-8
2022-03-22 16:44:19 status half-configured libmount1:amd64 2.36.1-8
2022-03-22 16:44:19 status installed libmount1:amd64 2.36.1-8
2022-03-22 16:44:19 configure libsemanage1:amd64 3.1-1+b2 <none>
2022-03-22 16:44:19 status unpacked libsemanage1:amd64 3.1-1+b2
2022-03-22 16:44:19 status half-configured libsemanage1:amd64 3.1-1+b2
2022-03-22 16:44:19 status installed libsemanage1:amd64 3.1-1+b2
2022-03-22 16:44:19 configure tar:amd64 1.34+dfsg-1 <none>
2022-03-22 16:44:19 status unpacked tar:amd64 1.34+dfsg-1
2022-03-22 16:44:19 status half-configured tar:amd64 1.34+dfsg-1
2022-03-22 16:44:19 status installed tar:amd64 1.34+dfsg-1
2022-03-22 16:44:19 configure coreutils:amd64 8.32-4+b1 <none>
2022-03-22 16:44:19 status unpacked coreutils:amd64 8.32-4+b1
2022-03-22 16:44:19 status half-configured coreutils:amd64 8.32-4+b1
2022-03-22 16:44:19 status installed coreutils:amd64 8.32-4+b1
2022-03-22 16:44:19 configure dpkg:amd64 1.20.9 <none>
2022-03-22 16:44:19 status unpacked dpkg:amd64 1.20.9
2022-03-22 16:44:19 status half-configured dpkg:amd64 1.20.9
2022-03-22 16:44:19 status installed dpkg:amd64 1.20.9
2022-03-22 16:44:19 configure grep:amd64 3.6-1 <none>
2022-03-22 16:44:19 status unpacked grep:amd64 3.6-1
2022-03-22 16:44:19 status half-configured grep:amd64 3.6-1
2022-03-22 16:44:19 status installed grep:amd64 3.6-1
2022-03-22 16:44:19 configure perl-base:amd64 5.32.1-4+deb11u2 <none>
2022-03-22 16:44:19 status unpacked perl-base:amd64 5.32.1-4+deb11u2
2022-03-22 16:44:19 status half-configured perl-base:amd64 5.32.1-4+deb11u2
2022-03-22 16:44:19 status installed perl-base:amd64 5.32.1-4+deb11u2
2022-03-22 16:44:19 configure init-system-helpers:all 1.60 <none>
2022-03-22 16:44:19 status unpacked init-system-helpers:all 1.60
2022-03-22 16:44:19 status half-configured init-system-helpers:all 1.60
2022-03-22 16:44:19 status installed init-system-helpers:all 1.60
2022-03-22 16:44:19 configure gzip:amd64 1.10-4 <none>
2022-03-22 16:44:19 status unpacked gzip:amd64 1.10-4
2022-03-22 16:44:19 status half-configured gzip:amd64 1.10-4
2022-03-22 16:44:19 status installed gzip:amd64 1.10-4
2022-03-22 16:44:19 configure debconf:all 1.5.77 <none>
2022-03-22 16:44:19 status unpacked debconf:all 1.5.77
2022-03-22 16:44:19 status half-configured debconf:all 1.5.77
2022-03-22 16:44:20 status installed debconf:all 1.5.77
2022-03-22 16:44:20 configure tzdata:all 2021a-1+deb11u2 <none>
2022-03-22 16:44:20 status unpacked tzdata:all 2021a-1+deb11u2
2022-03-22 16:44:20 status half-configured tzdata:all 2021a-1+deb11u2
2022-03-22 16:44:20 status installed tzdata:all 2021a-1+deb11u2
2022-03-22 16:44:20 configure libpam0g:amd64 1.4.0-9+deb11u1 <none>
2022-03-22 16:44:20 status unpacked libpam0g:amd64 1.4.0-9+deb11u1
2022-03-22 16:44:20 status half-configured libpam0g:amd64 1.4.0-9+deb11u1
2022-03-22 16:44:20 status installed libpam0g:amd64 1.4.0-9+deb11u1
2022-03-22 16:44:20 configure dash:amd64 0.5.11+git20200708+dd9ef66-5 <none>
2022-03-22 16:44:20 status unpacked dash:amd64 0.5.11+git20200708+dd9ef66-5
2022-03-22 16:44:20 status half-configured dash:amd64 0.5.11+git20200708+dd9ef66-5
2022-03-22 16:44:20 status installed dash:amd64 0.5.11+git20200708+dd9ef66-5
2022-03-22 16:44:20 configure libssl1.1:amd64 1.1.1k-1+deb11u1 <none>
2022-03-22 16:44:20 status unpacked libssl1.1:amd64 1.1.1k-1+deb11u1
2022-03-22 16:44:20 status half-configured libssl1.1:amd64 1.1.1k-1+deb11u1
2022-03-22 16:44:20 status installed libssl1.1:amd64 1.1.1k-1+deb11u1
2022-03-22 16:44:20 configure libpam-modules-bin:amd64 1.4.0-9+deb11u1 <none>
2022-03-22 16:44:20 status unpacked libpam-modules-bin:amd64 1.4.0-9+deb11u1
2022-03-22 16:44:20 status half-configured libpam-modules-bin:amd64 1.4.0-9+deb11u1
2022-03-22 16:44:20 status installed libpam-modules-bin:amd64 1.4.0-9+deb11u1
2022-03-22 16:44:20 configure libkrb5-3:amd64 1.18.3-6+deb11u1 <none>
2022-03-22 16:44:20 status unpacked libkrb5-3:amd64 1.18.3-6+deb11u1
2022-03-22 16:44:20 status half-configured libkrb5-3:amd64 1.18.3-6+deb11u1
2022-03-22 16:44:20 status installed libkrb5-3:amd64 1.18.3-6+deb11u1
2022-03-22 16:44:20 configure libgssapi-krb5-2:amd64 1.18.3-6+deb11u1 <none>
2022-03-22 16:44:20 status unpacked libgssapi-krb5-2:amd64 1.18.3-6+deb11u1
2022-03-22 16:44:20 status half-configured libgssapi-krb5-2:amd64 1.18.3-6+deb11u1
2022-03-22 16:44:20 status installed libgssapi-krb5-2:amd64 1.18.3-6+deb11u1
2022-03-22 16:44:20 configure libtirpc3:amd64 1.3.1-1 <none>
2022-03-22 16:44:20 status unpacked libtirpc3:amd64 1.3.1-1
2022-03-22 16:44:20 status half-configured libtirpc3:amd64 1.3.1-1
2022-03-22 16:44:20 status installed libtirpc3:amd64 1.3.1-1
2022-03-22 16:44:20 configure libnsl2:amd64 1.3.0-2 <none>
2022-03-22 16:44:20 status unpacked libnsl2:amd64 1.3.0-2
2022-03-22 16:44:20 status half-configured libnsl2:amd64 1.3.0-2
2022-03-22 16:44:20 status installed libnsl2:amd64 1.3.0-2
2022-03-22 16:44:20 configure libpam-modules:amd64 1.4.0-9+deb11u1 <none>
2022-03-22 16:44:20 status unpacked libpam-modules:amd64 1.4.0-9+deb11u1
2022-03-22 16:44:20 status half-configured libpam-modules:amd64 1.4.0-9+deb11u1
2022-03-22 16:44:20 status installed libpam-modules:amd64 1.4.0-9+deb11u1
2022-03-22 16:44:20 configure passwd:amd64 1:4.8.1-1 <none>
2022-03-22 16:44:20 status unpacked passwd:amd64 1:4.8.1-1
2022-03-22 16:44:20 status half-configured passwd:amd64 1:4.8.1-1
2022-03-22 16:44:20 status installed passwd:amd64 1:4.8.1-1
2022-03-22 16:44:20 configure libpam-runtime:all 1.4.0-9+deb11u1 <none>
2022-03-22 16:44:20 status unpacked libpam-runtime:all 1.4.0-9+deb11u1
2022-03-22 16:44:20 status half-configured libpam-runtime:all 1.4.0-9+deb11u1
2022-03-22 16:44:20 status installed libpam-runtime:all 1.4.0-9+deb11u1
2022-03-22 16:44:20 configure login:amd64 1:4.8.1-1 <none>
2022-03-22 16:44:20 status unpacked login:amd64 1:4.8.1-1
2022-03-22 16:44:20 status half-configured login:amd64 1:4.8.1-1
2022-03-22 16:44:20 status installed login:amd64 1:4.8.1-1
2022-03-22 16:44:20 configure adduser:all 3.118 <none>
2022-03-22 16:44:20 status unpacked adduser:all 3.118
2022-03-22 16:44:20 status half-configured adduser:all 3.118
2022-03-22 16:44:21 status installed adduser:all 3.118
2022-03-22 16:44:21 configure apt:amd64 2.2.4 <none>
2022-03-22 16:44:21 status unpacked apt:amd64 2.2.4
2022-03-22 16:44:21 status half-configured apt:amd64 2.2.4
2022-03-22 16:44:21 status installed apt:amd64 2.2.4
2022-03-22 16:44:21 configure util-linux:amd64 2.36.1-8 <none>
2022-03-22 16:44:21 status unpacked util-linux:amd64 2.36.1-8
2022-03-22 16:44:21 status half-configured util-linux:amd64 2.36.1-8
2022-03-22 16:44:21 status installed util-linux:amd64 2.36.1-8
2022-03-22 16:44:21 configure mount:amd64 2.36.1-8 <none>
2022-03-22 16:44:21 status unpacked mount:amd64 2.36.1-8
2022-03-22 16:44:21 status half-configured mount:amd64 2.36.1-8
2022-03-22 16:44:21 status installed mount:amd64 2.36.1-8
2022-03-22 16:44:21 trigproc libc-bin:amd64 2.31-13+deb11u2 <none>
2022-03-22 16:44:21 status half-configured libc-bin:amd64 2.31-13+deb11u2
2022-03-22 16:44:21 status installed libc-bin:amd64 2.31-13+deb11u2
2022-03-22 16:44:28 startup archives install
2022-03-22 16:44:28 install libapparmor1:amd64 <none> 2.13.6-10
2022-03-22 16:44:28 status triggers-pending libc-bin:amd64 2.31-13+deb11u2
2022-03-22 16:44:28 status half-installed libapparmor1:amd64 2.13.6-10
2022-03-22 16:44:28 status unpacked libapparmor1:amd64 2.13.6-10
2022-03-22 16:44:28 install libargon2-1:amd64 <none> 0~20171227-0.2
2022-03-22 16:44:28 status half-installed libargon2-1:amd64 0~20171227-0.2
2022-03-22 16:44:28 status unpacked libargon2-1:amd64 0~20171227-0.2
2022-03-22 16:44:28 install libcryptsetup12:amd64 <none> 2:2.3.5-1
2022-03-22 16:44:28 status half-installed libcryptsetup12:amd64 2:2.3.5-1
2022-03-22 16:44:28 status unpacked libcryptsetup12:amd64 2:2.3.5-1
2022-03-22 16:44:28 install libip4tc2:amd64 <none> 1.8.7-1
2022-03-22 16:44:28 status half-installed libip4tc2:amd64 1.8.7-1
2022-03-22 16:44:28 status unpacked libip4tc2:amd64 1.8.7-1
2022-03-22 16:44:28 install libjson-c5:amd64 <none> 0.15-2
2022-03-22 16:44:28 status half-installed libjson-c5:amd64 0.15-2
2022-03-22 16:44:28 status unpacked libjson-c5:amd64 0.15-2
2022-03-22 16:44:28 install libkmod2:amd64 <none> 28-1
2022-03-22 16:44:28 status half-installed libkmod2:amd64 28-1
2022-03-22 16:44:28 status unpacked libkmod2:amd64 28-1
2022-03-22 16:44:28 install libcap2:amd64 <none> 1:2.44-1
2022-03-22 16:44:28 status half-installed libcap2:amd64 1:2.44-1
2022-03-22 16:44:28 status unpacked libcap2:amd64 1:2.44-1
2022-03-22 16:44:28 install dmsetup:amd64 <none> 2:1.02.175-2.1
2022-03-22 16:44:28 status half-installed dmsetup:amd64 2:1.02.175-2.1
2022-03-22 16:44:28 status unpacked dmsetup:amd64 2:1.02.175-2.1
2022-03-22 16:44:28 install libdevmapper1.02.1:amd64 <none> 2:1.02.175-2.1
2022-03-22 16:44:28 status half-installed libdevmapper1.02.1:amd64 2:1.02.175-2.1
2022-03-22 16:44:28 status unpacked libdevmapper1.02.1:amd64 2:1.02.175-2.1
2022-03-22 16:44:28 install systemd:amd64 <none> 247.3-6
2022-03-22 16:44:28 status half-installed systemd:amd64 247.3-6
2022-03-22 16:44:29 status unpacked systemd:amd64 247.3-6
2022-03-22 16:44:29 install systemd-timesyncd:amd64 <none> 247.3-6
2022-03-22 16:44:29 status half-installed systemd-timesyncd:amd64 247.3-6
2022-03-22 16:44:29 status unpacked systemd-timesyncd:amd64 247.3-6
2022-03-22 16:44:29 configure libapparmor1:amd64 2.13.6-10 2.13.6-10
2022-03-22 16:44:29 status half-configured libapparmor1:amd64 2.13.6-10
2022-03-22 16:44:29 status installed libapparmor1:amd64 2.13.6-10
2022-03-22 16:44:29 configure libargon2-1:amd64 0~20171227-0.2 0~20171227-0.2
2022-03-22 16:44:29 status half-configured libargon2-1:amd64 0~20171227-0.2
2022-03-22 16:44:29 status installed libargon2-1:amd64 0~20171227-0.2
2022-03-22 16:44:29 configure libip4tc2:amd64 1.8.7-1 1.8.7-1
2022-03-22 16:44:29 status half-configured libip4tc2:amd64 1.8.7-1
2022-03-22 16:44:29 status installed libip4tc2:amd64 1.8.7-1
2022-03-22 16:44:29 configure libjson-c5:amd64 0.15-2 0.15-2
2022-03-22 16:44:29 status half-configured libjson-c5:amd64 0.15-2
2022-03-22 16:44:29 status installed libjson-c5:amd64 0.15-2
2022-03-22 16:44:29 configure libkmod2:amd64 28-1 28-1
2022-03-22 16:44:29 status half-configured libkmod2:amd64 28-1
2022-03-22 16:44:29 status installed libkmod2:amd64 28-1
2022-03-22 16:44:29 configure libcap2:amd64 1:2.44-1 1:2.44-1
2022-03-22 16:44:29 status half-configured libcap2:amd64 1:2.44-1
2022-03-22 16:44:29 status installed libcap2:amd64 1:2.44-1
2022-03-22 16:44:29 configure systemd-timesyncd:amd64 247.3-6 247.3-6
2022-03-22 16:44:29 status half-configured systemd-timesyncd:amd64 247.3-6
2022-03-22 16:44:29 status installed systemd-timesyncd:amd64 247.3-6
2022-03-22 16:44:29 configure libdevmapper1.02.1:amd64 2:1.02.175-2.1 2:1.02.175-2.1
2022-03-22 16:44:29 status half-configured libdevmapper1.02.1:amd64 2:1.02.175-2.1
2022-03-22 16:44:29 status installed libdevmapper1.02.1:amd64 2:1.02.175-2.1
2022-03-22 16:44:29 configure libcryptsetup12:amd64 2:2.3.5-1 2:2.3.5-1
2022-03-22 16:44:29 status half-configured libcryptsetup12:amd64 2:2.3.5-1
2022-03-22 16:44:29 status installed libcryptsetup12:amd64 2:2.3.5-1
2022-03-22 16:44:29 configure dmsetup:amd64 2:1.02.175-2.1 2:1.02.175-2.1
2022-03-22 16:44:29 status half-configured dmsetup:amd64 2:1.02.175-2.1
2022-03-22 16:44:29 status installed dmsetup:amd64 2:1.02.175-2.1
2022-03-22 16:44:29 configure systemd:amd64 247.3-6 247.3-6
2022-03-22 16:44:29 status half-configured systemd:amd64 247.3-6
2022-03-22 16:44:30 status installed systemd:amd64 247.3-6
2022-03-22 16:44:30 trigproc libc-bin:amd64 2.31-13+deb11u2 <none>
2022-03-22 16:44:30 status half-configured libc-bin:amd64 2.31-13+deb11u2
2022-03-22 16:44:30 status installed libc-bin:amd64 2.31-13+deb11u2
2022-03-22 16:44:37 startup archives install
2022-03-22 16:44:37 install systemd-sysv:amd64 <none> 247.3-6
2022-03-22 16:44:37 status half-installed systemd-sysv:amd64 247.3-6
2022-03-22 16:44:37 status unpacked systemd-sysv:amd64 247.3-6
2022-03-22 16:44:37 configure systemd-sysv:amd64 247.3-6 247.3-6
2022-03-22 16:44:37 status half-configured systemd-sysv:amd64 247.3-6
2022-03-22 16:44:37 status installed systemd-sysv:amd64 247.3-6
2022-03-22 16:44:37 startup archives unpack
2022-03-22 16:44:37 install apt-utils:amd64 <none> 2.2.4
2022-03-22 16:44:37 status half-installed apt-utils:amd64 2.2.4
2022-03-22 16:44:37 status unpacked apt-utils:amd64 2.2.4
2022-03-22 16:44:37 install libdns-export1110:amd64 <none> 1:9.11.19+dfsg-2.1
2022-03-22 16:44:37 status triggers-pending libc-bin:amd64 2.31-13+deb11u2
2022-03-22 16:44:37 status half-installed libdns-export1110:amd64 1:9.11.19+dfsg-2.1
2022-03-22 16:44:37 status unpacked libdns-export1110:amd64 1:9.11.19+dfsg-2.1
2022-03-22 16:44:37 install libisc-export1105:amd64 <none> 1:9.11.19+dfsg-2.1
2022-03-22 16:44:37 status half-installed libisc-export1105:amd64 1:9.11.19+dfsg-2.1
2022-03-22 16:44:37 status unpacked libisc-export1105:amd64 1:9.11.19+dfsg-2.1
2022-03-22 16:44:38 install cpio:amd64 <none> 2.13+dfsg-4
2022-03-22 16:44:38 status half-installed cpio:amd64 2.13+dfsg-4
2022-03-22 16:44:38 status unpacked cpio:amd64 2.13+dfsg-4
2022-03-22 16:44:38 install cron:amd64 <none> 3.0pl1-137
2022-03-22 16:44:38 status half-installed cron:amd64 3.0pl1-137
2022-03-22 16:44:38 status unpacked cron:amd64 3.0pl1-137
2022-03-22 16:44:38 install debconf-i18n:all <none> 1.5.77
2022-03-22 16:44:38 status half-installed debconf-i18n:all 1.5.77
2022-03-22 16:44:38 status unpacked debconf-i18n:all 1.5.77
2022-03-22 16:44:38 install dmidecode:amd64 <none> 3.3-2
2022-03-22 16:44:38 status half-installed dmidecode:amd64 3.3-2
2022-03-22 16:44:38 status unpacked dmidecode:amd64 3.3-2
2022-03-22 16:44:38 install libelf1:amd64 <none> 0.183-1
2022-03-22 16:44:38 status half-installed libelf1:amd64 0.183-1
2022-03-22 16:44:38 status unpacked libelf1:amd64 0.183-1
2022-03-22 16:44:38 install ifupdown:amd64 <none> 0.8.36
2022-03-22 16:44:38 status half-installed ifupdown:amd64 0.8.36
2022-03-22 16:44:38 status unpacked ifupdown:amd64 0.8.36
2022-03-22 16:44:39 install init:amd64 <none> 1.60
2022-03-22 16:44:39 status half-installed init:amd64 1.60
2022-03-22 16:44:39 status unpacked init:amd64 1.60
2022-03-22 16:44:39 install iproute2:amd64 <none> 5.10.0-4
2022-03-22 16:44:39 status half-installed iproute2:amd64 5.10.0-4
2022-03-22 16:44:39 status unpacked iproute2:amd64 5.10.0-4
2022-03-22 16:44:39 install libxtables12:amd64 <none> 1.8.7-1
2022-03-22 16:44:39 status half-installed libxtables12:amd64 1.8.7-1
2022-03-22 16:44:39 status unpacked libxtables12:amd64 1.8.7-1
2022-03-22 16:44:39 install iputils-ping:amd64 <none> 3:20210202-1
2022-03-22 16:44:39 status half-installed iputils-ping:amd64 3:20210202-1
2022-03-22 16:44:39 status unpacked iputils-ping:amd64 3:20210202-1
2022-03-22 16:44:39 install isc-dhcp-client:amd64 <none> 4.4.1-2.3
2022-03-22 16:44:39 status half-installed isc-dhcp-client:amd64 4.4.1-2.3
2022-03-22 16:44:39 status unpacked isc-dhcp-client:amd64 4.4.1-2.3
2022-03-22 16:44:39 install isc-dhcp-common:amd64 <none> 4.4.1-2.3
2022-03-22 16:44:39 status half-installed isc-dhcp-common:amd64 4.4.1-2.3
2022-03-22 16:44:40 status unpacked isc-dhcp-common:amd64 4.4.1-2.3
2022-03-22 16:44:40 install libjansson4:amd64 <none> 2.13.1-1.1
2022-03-22 16:44:40 status half-installed libjansson4:amd64 2.13.1-1.1
2022-03-22 16:44:40 status unpacked libjansson4:amd64 2.13.1-1.1
2022-03-22 16:44:40 install kmod:amd64 <none> 28-1
2022-03-22 16:44:40 status half-installed kmod:amd64 28-1
2022-03-22 16:44:40 status unpacked kmod:amd64 28-1
2022-03-22 16:44:40 install less:amd64 <none> 551-2
2022-03-22 16:44:40 status half-installed less:amd64 551-2
2022-03-22 16:44:40 status unpacked less:amd64 551-2
2022-03-22 16:44:40 install libbpf0:amd64 <none> 1:0.3-2
2022-03-22 16:44:40 status half-installed libbpf0:amd64 1:0.3-2
2022-03-22 16:44:40 status unpacked libbpf0:amd64 1:0.3-2
2022-03-22 16:44:40 install libbsd0:amd64 <none> 0.11.3-1
2022-03-22 16:44:40 status half-installed libbsd0:amd64 0.11.3-1
2022-03-22 16:44:40 status unpacked libbsd0:amd64 0.11.3-1
2022-03-22 16:44:41 install libcap2-bin:amd64 <none> 1:2.44-1
2022-03-22 16:44:41 status half-installed libcap2-bin:amd64 1:2.44-1
2022-03-22 16:44:41 status unpacked libcap2-bin:amd64 1:2.44-1
2022-03-22 16:44:41 install libedit2:amd64 <none> 3.1-20191231-2+b1
2022-03-22 16:44:41 status half-installed libedit2:amd64 3.1-20191231-2+b1
2022-03-22 16:44:41 status unpacked libedit2:amd64 3.1-20191231-2+b1
2022-03-22 16:44:41 install libestr0:amd64 <none> 0.1.10-2.1+b1
2022-03-22 16:44:41 status half-installed libestr0:amd64 0.1.10-2.1+b1
2022-03-22 16:44:41 status unpacked libestr0:amd64 0.1.10-2.1+b1
2022-03-22 16:44:41 install libfastjson4:amd64 <none> 0.99.9-1
2022-03-22 16:44:41 status half-installed libfastjson4:amd64 0.99.9-1
2022-03-22 16:44:41 status unpacked libfastjson4:amd64 0.99.9-1
2022-03-22 16:44:41 install liblocale-gettext-perl:amd64 <none> 1.07-4+b1
2022-03-22 16:44:41 status half-installed liblocale-gettext-perl:amd64 1.07-4+b1
2022-03-22 16:44:41 status unpacked liblocale-gettext-perl:amd64 1.07-4+b1
2022-03-22 16:44:41 install liblognorm5:amd64 <none> 2.0.5-1.1
2022-03-22 16:44:41 status half-installed liblognorm5:amd64 2.0.5-1.1
2022-03-22 16:44:41 status unpacked liblognorm5:amd64 2.0.5-1.1
2022-03-22 16:44:42 install libmd0:amd64 <none> 1.0.3-3
2022-03-22 16:44:42 status half-installed libmd0:amd64 1.0.3-3
2022-03-22 16:44:42 status unpacked libmd0:amd64 1.0.3-3
2022-03-22 16:44:42 install libmnl0:amd64 <none> 1.0.4-3
2022-03-22 16:44:42 status half-installed libmnl0:amd64 1.0.4-3
2022-03-22 16:44:42 status unpacked libmnl0:amd64 1.0.4-3
2022-03-22 16:44:42 install libnftnl11:amd64 <none> 1.1.9-1
2022-03-22 16:44:42 status half-installed libnftnl11:amd64 1.1.9-1
2022-03-22 16:44:42 status unpacked libnftnl11:amd64 1.1.9-1
2022-03-22 16:44:42 install libtext-charwidth-perl:amd64 <none> 0.04-10+b1
2022-03-22 16:44:42 status half-installed libtext-charwidth-perl:amd64 0.04-10+b1
2022-03-22 16:44:42 status unpacked libtext-charwidth-perl:amd64 0.04-10+b1
2022-03-22 16:44:42 install libtext-iconv-perl:amd64 <none> 1.7-7+b1
2022-03-22 16:44:42 status half-installed libtext-iconv-perl:amd64 1.7-7+b1
2022-03-22 16:44:42 status unpacked libtext-iconv-perl:amd64 1.7-7+b1
2022-03-22 16:44:42 install libtext-wrapi18n-perl:all <none> 0.06-9
2022-03-22 16:44:42 status half-installed libtext-wrapi18n-perl:all 0.06-9
2022-03-22 16:44:42 status unpacked libtext-wrapi18n-perl:all 0.06-9
2022-03-22 16:44:43 install logrotate:amd64 <none> 3.18.0-2
2022-03-22 16:44:43 status half-installed logrotate:amd64 3.18.0-2
2022-03-22 16:44:43 status unpacked logrotate:amd64 3.18.0-2
2022-03-22 16:44:43 install nano:amd64 <none> 5.4-2
2022-03-22 16:44:43 status half-installed nano:amd64 5.4-2
2022-03-22 16:44:43 status unpacked nano:amd64 5.4-2
2022-03-22 16:44:43 install libncurses6:amd64 <none> 6.2+20201114-2
2022-03-22 16:44:43 status half-installed libncurses6:amd64 6.2+20201114-2
2022-03-22 16:44:43 status unpacked libncurses6:amd64 6.2+20201114-2
2022-03-22 16:44:43 install libncursesw6:amd64 <none> 6.2+20201114-2
2022-03-22 16:44:43 status half-installed libncursesw6:amd64 6.2+20201114-2
2022-03-22 16:44:43 status unpacked libncursesw6:amd64 6.2+20201114-2
2022-03-22 16:44:43 install netbase:all <none> 6.3
2022-03-22 16:44:43 status half-installed netbase:all 6.3
2022-03-22 16:44:43 status unpacked netbase:all 6.3
2022-03-22 16:44:44 install libnewt0.52:amd64 <none> 0.52.21-4+b3
2022-03-22 16:44:44 status half-installed libnewt0.52:amd64 0.52.21-4+b3
2022-03-22 16:44:44 status unpacked libnewt0.52:amd64 0.52.21-4+b3
2022-03-22 16:44:44 install whiptail:amd64 <none> 0.52.21-4+b3
2022-03-22 16:44:44 status half-installed whiptail:amd64 0.52.21-4+b3
2022-03-22 16:44:44 status unpacked whiptail:amd64 0.52.21-4+b3
2022-03-22 16:44:44 install libnftables1:amd64 <none> 0.9.8-3.1
2022-03-22 16:44:44 status half-installed libnftables1:amd64 0.9.8-3.1
2022-03-22 16:44:44 status unpacked libnftables1:amd64 0.9.8-3.1
2022-03-22 16:44:44 install nftables:amd64 <none> 0.9.8-3.1
2022-03-22 16:44:44 status half-installed nftables:amd64 0.9.8-3.1
2022-03-22 16:44:44 status unpacked nftables:amd64 0.9.8-3.1
2022-03-22 16:44:44 install libpopt0:amd64 <none> 1.18-2
2022-03-22 16:44:44 status half-installed libpopt0:amd64 1.18-2
2022-03-22 16:44:45 status unpacked libpopt0:amd64 1.18-2
2022-03-22 16:44:45 install libprocps8:amd64 <none> 2:3.3.17-5
2022-03-22 16:44:45 status half-installed libprocps8:amd64 2:3.3.17-5
2022-03-22 16:44:45 status unpacked libprocps8:amd64 2:3.3.17-5
2022-03-22 16:44:45 install procps:amd64 <none> 2:3.3.17-5
2022-03-22 16:44:45 status half-installed procps:amd64 2:3.3.17-5
2022-03-22 16:44:45 status unpacked procps:amd64 2:3.3.17-5
2022-03-22 16:44:45 install libreadline8:amd64 <none> 8.1-1
2022-03-22 16:44:45 status half-installed libreadline8:amd64 8.1-1
2022-03-22 16:44:45 status unpacked libreadline8:amd64 8.1-1
2022-03-22 16:44:45 install readline-common:all <none> 8.1-1
2022-03-22 16:44:45 status half-installed readline-common:all 8.1-1
2022-03-22 16:44:45 status unpacked readline-common:all 8.1-1
2022-03-22 16:44:46 install rsyslog:amd64 <none> 8.2102.0-2
2022-03-22 16:44:46 status half-installed rsyslog:amd64 8.2102.0-2
2022-03-22 16:44:46 status unpacked rsyslog:amd64 8.2102.0-2
2022-03-22 16:44:46 install sensible-utils:all <none> 0.0.14
2022-03-22 16:44:46 status half-installed sensible-utils:all 0.0.14
2022-03-22 16:44:46 status unpacked sensible-utils:all 0.0.14
2022-03-22 16:44:46 install libslang2:amd64 <none> 2.3.2-5
2022-03-22 16:44:46 status half-installed libslang2:amd64 2.3.2-5
2022-03-22 16:44:46 status unpacked libslang2:amd64 2.3.2-5
2022-03-22 16:44:46 install udev:amd64 <none> 247.3-6
2022-03-22 16:44:46 status half-installed udev:amd64 247.3-6
2022-03-22 16:44:47 status unpacked udev:amd64 247.3-6
2022-03-22 16:44:47 install tasksel:all <none> 3.68
2022-03-22 16:44:47 status half-installed tasksel:all 3.68
2022-03-22 16:44:47 status unpacked tasksel:all 3.68
2022-03-22 16:44:47 install tasksel-data:all <none> 3.68
2022-03-22 16:44:47 status half-installed tasksel-data:all 3.68
2022-03-22 16:44:47 status unpacked tasksel-data:all 3.68
2022-03-22 16:44:47 install fdisk:amd64 <none> 2.36.1-8
2022-03-22 16:44:47 status half-installed fdisk:amd64 2.36.1-8
2022-03-22 16:44:47 status unpacked fdisk:amd64 2.36.1-8
2022-03-22 16:44:47 install libfdisk1:amd64 <none> 2.36.1-8
2022-03-22 16:44:47 status half-installed libfdisk1:amd64 2.36.1-8
2022-03-22 16:44:47 status unpacked libfdisk1:amd64 2.36.1-8
2022-03-22 16:44:47 install vim-common:all <none> 2:8.2.2434-3+deb11u1
2022-03-22 16:44:47 status half-installed vim-common:all 2:8.2.2434-3+deb11u1
2022-03-22 16:44:48 status unpacked vim-common:all 2:8.2.2434-3+deb11u1
2022-03-22 16:44:48 install vim-tiny:amd64 <none> 2:8.2.2434-3+deb11u1
2022-03-22 16:44:48 status half-installed vim-tiny:amd64 2:8.2.2434-3+deb11u1
2022-03-22 16:44:48 status unpacked vim-tiny:amd64 2:8.2.2434-3+deb11u1
2022-03-22 16:44:48 install xxd:amd64 <none> 2:8.2.2434-3+deb11u1
2022-03-22 16:44:48 status half-installed xxd:amd64 2:8.2.2434-3+deb11u1
2022-03-22 16:44:48 status unpacked xxd:amd64 2:8.2.2434-3+deb11u1
2022-03-22 16:44:48 trigproc libc-bin:amd64 2.31-13+deb11u2 <none>
2022-03-22 16:44:48 status half-configured libc-bin:amd64 2.31-13+deb11u2
2022-03-22 16:44:48 status installed libc-bin:amd64 2.31-13+deb11u2
2022-03-22 16:44:48 startup packages configure
2022-03-22 16:44:48 configure cpio:amd64 2.13+dfsg-4 <none>
2022-03-22 16:44:48 status unpacked cpio:amd64 2.13+dfsg-4
2022-03-22 16:44:48 status half-configured cpio:amd64 2.13+dfsg-4
2022-03-22 16:44:48 status installed cpio:amd64 2.13+dfsg-4
2022-03-22 16:44:48 configure libtext-iconv-perl:amd64 1.7-7+b1 <none>
2022-03-22 16:44:48 status unpacked libtext-iconv-perl:amd64 1.7-7+b1
2022-03-22 16:44:48 status half-configured libtext-iconv-perl:amd64 1.7-7+b1
2022-03-22 16:44:48 status installed libtext-iconv-perl:amd64 1.7-7+b1
2022-03-22 16:44:48 configure libtext-charwidth-perl:amd64 0.04-10+b1 <none>
2022-03-22 16:44:48 status unpacked libtext-charwidth-perl:amd64 0.04-10+b1
2022-03-22 16:44:48 status half-configured libtext-charwidth-perl:amd64 0.04-10+b1
2022-03-22 16:44:48 status installed libtext-charwidth-perl:amd64 0.04-10+b1
2022-03-22 16:44:48 configure apt-utils:amd64 2.2.4 <none>
2022-03-22 16:44:48 status unpacked apt-utils:amd64 2.2.4
2022-03-22 16:44:48 status half-configured apt-utils:amd64 2.2.4
2022-03-22 16:44:48 status installed apt-utils:amd64 2.2.4
2022-03-22 16:44:48 configure init:amd64 1.60 <none>
2022-03-22 16:44:48 status unpacked init:amd64 1.60
2022-03-22 16:44:48 status half-configured init:amd64 1.60
2022-03-22 16:44:48 status installed init:amd64 1.60
2022-03-22 16:44:48 configure libestr0:amd64 0.1.10-2.1+b1 <none>
2022-03-22 16:44:48 status triggers-pending libc-bin:amd64 2.31-13+deb11u2
2022-03-22 16:44:48 status unpacked libestr0:amd64 0.1.10-2.1+b1
2022-03-22 16:44:48 status half-configured libestr0:amd64 0.1.10-2.1+b1
2022-03-22 16:44:48 status installed libestr0:amd64 0.1.10-2.1+b1
2022-03-22 16:44:48 configure libfastjson4:amd64 0.99.9-1 <none>
2022-03-22 16:44:48 status unpacked libfastjson4:amd64 0.99.9-1
2022-03-22 16:44:49 status half-configured libfastjson4:amd64 0.99.9-1
2022-03-22 16:44:49 status installed libfastjson4:amd64 0.99.9-1
2022-03-22 16:44:49 configure less:amd64 551-2 <none>
2022-03-22 16:44:49 status unpacked less:amd64 551-2
2022-03-22 16:44:49 status half-configured less:amd64 551-2
2022-03-22 16:44:49 status installed less:amd64 551-2
2022-03-22 16:44:49 configure kmod:amd64 28-1 <none>
2022-03-22 16:44:49 status unpacked kmod:amd64 28-1
2022-03-22 16:44:49 status half-configured kmod:amd64 28-1
2022-03-22 16:44:49 status installed kmod:amd64 28-1
2022-03-22 16:44:49 configure libtext-wrapi18n-perl:all 0.06-9 <none>
2022-03-22 16:44:49 status unpacked libtext-wrapi18n-perl:all 0.06-9
2022-03-22 16:44:49 status half-configured libtext-wrapi18n-perl:all 0.06-9
2022-03-22 16:44:49 status installed libtext-wrapi18n-perl:all 0.06-9
2022-03-22 16:44:49 configure xxd:amd64 2:8.2.2434-3+deb11u1 <none>
2022-03-22 16:44:49 status unpacked xxd:amd64 2:8.2.2434-3+deb11u1
2022-03-22 16:44:49 status half-configured xxd:amd64 2:8.2.2434-3+deb11u1
2022-03-22 16:44:49 status installed xxd:amd64 2:8.2.2434-3+deb11u1
2022-03-22 16:44:49 configure libjansson4:amd64 2.13.1-1.1 <none>
2022-03-22 16:44:49 status unpacked libjansson4:amd64 2.13.1-1.1
2022-03-22 16:44:49 status half-configured libjansson4:amd64 2.13.1-1.1
2022-03-22 16:44:49 status installed libjansson4:amd64 2.13.1-1.1
2022-03-22 16:44:49 configure libcap2-bin:amd64 1:2.44-1 <none>
2022-03-22 16:44:49 status unpacked libcap2-bin:amd64 1:2.44-1
2022-03-22 16:44:49 status half-configured libcap2-bin:amd64 1:2.44-1
2022-03-22 16:44:49 status installed libcap2-bin:amd64 1:2.44-1
2022-03-22 16:44:49 configure libisc-export1105:amd64 1:9.11.19+dfsg-2.1 <none>
2022-03-22 16:44:49 status unpacked libisc-export1105:amd64 1:9.11.19+dfsg-2.1
2022-03-22 16:44:49 status half-configured libisc-export1105:amd64 1:9.11.19+dfsg-2.1
2022-03-22 16:44:49 status installed libisc-export1105:amd64 1:9.11.19+dfsg-2.1
2022-03-22 16:44:49 configure vim-common:all 2:8.2.2434-3+deb11u1 <none>
2022-03-22 16:44:49 status unpacked vim-common:all 2:8.2.2434-3+deb11u1
2022-03-22 16:44:49 status half-configured vim-common:all 2:8.2.2434-3+deb11u1
2022-03-22 16:44:49 status installed vim-common:all 2:8.2.2434-3+deb11u1
2022-03-22 16:44:49 configure libslang2:amd64 2.3.2-5 <none>
2022-03-22 16:44:49 status unpacked libslang2:amd64 2.3.2-5
2022-03-22 16:44:49 status half-configured libslang2:amd64 2.3.2-5
2022-03-22 16:44:49 status installed libslang2:amd64 2.3.2-5
2022-03-22 16:44:49 configure libncurses6:amd64 6.2+20201114-2 <none>
2022-03-22 16:44:49 status unpacked libncurses6:amd64 6.2+20201114-2
2022-03-22 16:44:49 status half-configured libncurses6:amd64 6.2+20201114-2
2022-03-22 16:44:49 status installed libncurses6:amd64 6.2+20201114-2
2022-03-22 16:44:49 configure libmnl0:amd64 1.0.4-3 <none>
2022-03-22 16:44:49 status unpacked libmnl0:amd64 1.0.4-3
2022-03-22 16:44:49 status half-configured libmnl0:amd64 1.0.4-3
2022-03-22 16:44:49 status installed libmnl0:amd64 1.0.4-3
2022-03-22 16:44:49 configure udev:amd64 247.3-6 <none>
2022-03-22 16:44:49 status unpacked udev:amd64 247.3-6
2022-03-22 16:44:49 status half-configured udev:amd64 247.3-6
2022-03-22 16:44:50 status installed udev:amd64 247.3-6
2022-03-22 16:44:50 configure libncursesw6:amd64 6.2+20201114-2 <none>
2022-03-22 16:44:50 status unpacked libncursesw6:amd64 6.2+20201114-2
2022-03-22 16:44:50 status half-configured libncursesw6:amd64 6.2+20201114-2
2022-03-22 16:44:50 status installed libncursesw6:amd64 6.2+20201114-2
2022-03-22 16:44:50 configure libxtables12:amd64 1.8.7-1 <none>
2022-03-22 16:44:50 status unpacked libxtables12:amd64 1.8.7-1
2022-03-22 16:44:50 status half-configured libxtables12:amd64 1.8.7-1
2022-03-22 16:44:50 status installed libxtables12:amd64 1.8.7-1
2022-03-22 16:44:50 configure libfdisk1:amd64 2.36.1-8 <none>
2022-03-22 16:44:50 status unpacked libfdisk1:amd64 2.36.1-8
2022-03-22 16:44:50 status half-configured libfdisk1:amd64 2.36.1-8
2022-03-22 16:44:50 status installed libfdisk1:amd64 2.36.1-8
2022-03-22 16:44:50 configure liblognorm5:amd64 2.0.5-1.1 <none>
2022-03-22 16:44:50 status unpacked liblognorm5:amd64 2.0.5-1.1
2022-03-22 16:44:50 status half-configured liblognorm5:amd64 2.0.5-1.1
2022-03-22 16:44:50 status installed liblognorm5:amd64 2.0.5-1.1
2022-03-22 16:44:50 configure nano:amd64 5.4-2 <none>
2022-03-22 16:44:50 status unpacked nano:amd64 5.4-2
2022-03-22 16:44:50 status half-configured nano:amd64 5.4-2
2022-03-22 16:44:50 status installed nano:amd64 5.4-2
2022-03-22 16:44:50 configure libmd0:amd64 1.0.3-3 <none>
2022-03-22 16:44:50 status unpacked libmd0:amd64 1.0.3-3
2022-03-22 16:44:50 status half-configured libmd0:amd64 1.0.3-3
2022-03-22 16:44:50 status installed libmd0:amd64 1.0.3-3
2022-03-22 16:44:50 configure sensible-utils:all 0.0.14 <none>
2022-03-22 16:44:50 status unpacked sensible-utils:all 0.0.14
2022-03-22 16:44:50 status half-configured sensible-utils:all 0.0.14
2022-03-22 16:44:50 status installed sensible-utils:all 0.0.14
2022-03-22 16:44:50 configure netbase:all 6.3 <none>
2022-03-22 16:44:50 status unpacked netbase:all 6.3
2022-03-22 16:44:50 status half-configured netbase:all 6.3
2022-03-22 16:44:50 status installed netbase:all 6.3
2022-03-22 16:44:50 configure isc-dhcp-common:amd64 4.4.1-2.3 <none>
2022-03-22 16:44:50 status unpacked isc-dhcp-common:amd64 4.4.1-2.3
2022-03-22 16:44:50 status half-configured isc-dhcp-common:amd64 4.4.1-2.3
2022-03-22 16:44:50 status installed isc-dhcp-common:amd64 4.4.1-2.3
2022-03-22 16:44:51 configure dmidecode:amd64 3.3-2 <none>
2022-03-22 16:44:51 status unpacked dmidecode:amd64 3.3-2
2022-03-22 16:44:51 status half-configured dmidecode:amd64 3.3-2
2022-03-22 16:44:51 status installed dmidecode:amd64 3.3-2
2022-03-22 16:44:51 configure libbsd0:amd64 0.11.3-1 <none>
2022-03-22 16:44:51 status unpacked libbsd0:amd64 0.11.3-1
2022-03-22 16:44:51 status half-configured libbsd0:amd64 0.11.3-1
2022-03-22 16:44:51 status installed libbsd0:amd64 0.11.3-1
2022-03-22 16:44:51 configure libelf1:amd64 0.183-1 <none>
2022-03-22 16:44:51 status unpacked libelf1:amd64 0.183-1
2022-03-22 16:44:51 status half-configured libelf1:amd64 0.183-1
2022-03-22 16:44:51 status installed libelf1:amd64 0.183-1
2022-03-22 16:44:51 configure iputils-ping:amd64 3:20210202-1 <none>
2022-03-22 16:44:51 status unpacked iputils-ping:amd64 3:20210202-1
2022-03-22 16:44:51 status half-configured iputils-ping:amd64 3:20210202-1
2022-03-22 16:44:51 status installed iputils-ping:amd64 3:20210202-1
2022-03-22 16:44:51 configure readline-common:all 8.1-1 <none>
2022-03-22 16:44:51 status unpacked readline-common:all 8.1-1
2022-03-22 16:44:51 status half-configured readline-common:all 8.1-1
2022-03-22 16:44:51 status installed readline-common:all 8.1-1
2022-03-22 16:44:51 configure liblocale-gettext-perl:amd64 1.07-4+b1 <none>
2022-03-22 16:44:51 status unpacked liblocale-gettext-perl:amd64 1.07-4+b1
2022-03-22 16:44:51 status half-configured liblocale-gettext-perl:amd64 1.07-4+b1
2022-03-22 16:44:51 status installed liblocale-gettext-perl:amd64 1.07-4+b1
2022-03-22 16:44:51 configure libprocps8:amd64 2:3.3.17-5 <none>
2022-03-22 16:44:51 status unpacked libprocps8:amd64 2:3.3.17-5
2022-03-22 16:44:51 status half-configured libprocps8:amd64 2:3.3.17-5
2022-03-22 16:44:51 status installed libprocps8:amd64 2:3.3.17-5
2022-03-22 16:44:51 configure libpopt0:amd64 1.18-2 <none>
2022-03-22 16:44:51 status unpacked libpopt0:amd64 1.18-2
2022-03-22 16:44:51 status half-configured libpopt0:amd64 1.18-2
2022-03-22 16:44:51 status installed libpopt0:amd64 1.18-2
2022-03-22 16:44:51 configure logrotate:amd64 3.18.0-2 <none>
2022-03-22 16:44:51 status unpacked logrotate:amd64 3.18.0-2
2022-03-22 16:44:51 status half-configured logrotate:amd64 3.18.0-2
2022-03-22 16:44:51 status installed logrotate:amd64 3.18.0-2
2022-03-22 16:44:51 configure libnewt0.52:amd64 0.52.21-4+b3 <none>
2022-03-22 16:44:51 status unpacked libnewt0.52:amd64 0.52.21-4+b3
2022-03-22 16:44:51 status half-configured libnewt0.52:amd64 0.52.21-4+b3
2022-03-22 16:44:51 status installed libnewt0.52:amd64 0.52.21-4+b3
2022-03-22 16:44:51 configure libedit2:amd64 3.1-20191231-2+b1 <none>
2022-03-22 16:44:51 status unpacked libedit2:amd64 3.1-20191231-2+b1
2022-03-22 16:44:51 status half-configured libedit2:amd64 3.1-20191231-2+b1
2022-03-22 16:44:51 status installed libedit2:amd64 3.1-20191231-2+b1
2022-03-22 16:44:51 configure libreadline8:amd64 8.1-1 <none>
2022-03-22 16:44:51 status unpacked libreadline8:amd64 8.1-1
2022-03-22 16:44:51 status half-configured libreadline8:amd64 8.1-1
2022-03-22 16:44:51 status installed libreadline8:amd64 8.1-1
2022-03-22 16:44:51 configure cron:amd64 3.0pl1-137 <none>
2022-03-22 16:44:51 status unpacked cron:amd64 3.0pl1-137
2022-03-22 16:44:52 status half-configured cron:amd64 3.0pl1-137
2022-03-22 16:44:52 status installed cron:amd64 3.0pl1-137
2022-03-22 16:44:52 configure rsyslog:amd64 8.2102.0-2 <none>
2022-03-22 16:44:52 status unpacked rsyslog:amd64 8.2102.0-2
2022-03-22 16:44:52 status half-configured rsyslog:amd64 8.2102.0-2
2022-03-22 16:44:52 status installed rsyslog:amd64 8.2102.0-2
2022-03-22 16:44:52 configure libdns-export1110:amd64 1:9.11.19+dfsg-2.1 <none>
2022-03-22 16:44:52 status unpacked libdns-export1110:amd64 1:9.11.19+dfsg-2.1
2022-03-22 16:44:52 status half-configured libdns-export1110:amd64 1:9.11.19+dfsg-2.1
2022-03-22 16:44:52 status installed libdns-export1110:amd64 1:9.11.19+dfsg-2.1
2022-03-22 16:44:52 configure debconf-i18n:all 1.5.77 <none>
2022-03-22 16:44:52 status unpacked debconf-i18n:all 1.5.77
2022-03-22 16:44:52 status half-configured debconf-i18n:all 1.5.77
2022-03-22 16:44:52 status installed debconf-i18n:all 1.5.77
2022-03-22 16:44:52 configure libnftnl11:amd64 1.1.9-1 <none>
2022-03-22 16:44:52 status unpacked libnftnl11:amd64 1.1.9-1
2022-03-22 16:44:52 status half-configured libnftnl11:amd64 1.1.9-1
2022-03-22 16:44:52 status installed libnftnl11:amd64 1.1.9-1
2022-03-22 16:44:52 configure vim-tiny:amd64 2:8.2.2434-3+deb11u1 <none>
2022-03-22 16:44:52 status unpacked vim-tiny:amd64 2:8.2.2434-3+deb11u1
2022-03-22 16:44:52 status half-configured vim-tiny:amd64 2:8.2.2434-3+deb11u1
2022-03-22 16:44:52 status installed vim-tiny:amd64 2:8.2.2434-3+deb11u1
2022-03-22 16:44:52 configure fdisk:amd64 2.36.1-8 <none>
2022-03-22 16:44:52 status unpacked fdisk:amd64 2.36.1-8
2022-03-22 16:44:53 status half-configured fdisk:amd64 2.36.1-8
2022-03-22 16:44:53 status installed fdisk:amd64 2.36.1-8
2022-03-22 16:44:53 configure whiptail:amd64 0.52.21-4+b3 <none>
2022-03-22 16:44:53 status unpacked whiptail:amd64 0.52.21-4+b3
2022-03-22 16:44:53 status half-configured whiptail:amd64 0.52.21-4+b3
2022-03-22 16:44:53 status installed whiptail:amd64 0.52.21-4+b3
2022-03-22 16:44:53 configure procps:amd64 2:3.3.17-5 <none>
2022-03-22 16:44:53 status unpacked procps:amd64 2:3.3.17-5
2022-03-22 16:44:53 status half-configured procps:amd64 2:3.3.17-5
2022-03-22 16:44:53 status installed procps:amd64 2:3.3.17-5
2022-03-22 16:44:53 configure libbpf0:amd64 1:0.3-2 <none>
2022-03-22 16:44:53 status unpacked libbpf0:amd64 1:0.3-2
2022-03-22 16:44:53 status half-configured libbpf0:amd64 1:0.3-2
2022-03-22 16:44:53 status installed libbpf0:amd64 1:0.3-2
2022-03-22 16:44:53 configure libnftables1:amd64 0.9.8-3.1 <none>
2022-03-22 16:44:53 status unpacked libnftables1:amd64 0.9.8-3.1
2022-03-22 16:44:53 status half-configured libnftables1:amd64 0.9.8-3.1
2022-03-22 16:44:53 status installed libnftables1:amd64 0.9.8-3.1
2022-03-22 16:44:53 configure nftables:amd64 0.9.8-3.1 <none>
2022-03-22 16:44:53 status unpacked nftables:amd64 0.9.8-3.1
2022-03-22 16:44:53 status half-configured nftables:amd64 0.9.8-3.1
2022-03-22 16:44:53 status installed nftables:amd64 0.9.8-3.1
2022-03-22 16:44:53 configure iproute2:amd64 5.10.0-4 <none>
2022-03-22 16:44:53 status unpacked iproute2:amd64 5.10.0-4
2022-03-22 16:44:53 status half-configured iproute2:amd64 5.10.0-4
2022-03-22 16:44:54 status installed iproute2:amd64 5.10.0-4
2022-03-22 16:44:54 configure isc-dhcp-client:amd64 4.4.1-2.3 <none>
2022-03-22 16:44:54 status unpacked isc-dhcp-client:amd64 4.4.1-2.3
2022-03-22 16:44:54 status half-configured isc-dhcp-client:amd64 4.4.1-2.3
2022-03-22 16:44:54 status installed isc-dhcp-client:amd64 4.4.1-2.3
2022-03-22 16:44:54 configure ifupdown:amd64 0.8.36 <none>
2022-03-22 16:44:54 status unpacked ifupdown:amd64 0.8.36
2022-03-22 16:44:54 status half-configured ifupdown:amd64 0.8.36
2022-03-22 16:44:54 status installed ifupdown:amd64 0.8.36
2022-03-22 16:44:54 configure tasksel-data:all 3.68 <none>
2022-03-22 16:44:54 status unpacked tasksel-data:all 3.68
2022-03-22 16:44:54 status half-configured tasksel-data:all 3.68
2022-03-22 16:44:54 status installed tasksel-data:all 3.68
2022-03-22 16:44:54 configure tasksel:all 3.68 <none>
2022-03-22 16:44:54 status unpacked tasksel:all 3.68
2022-03-22 16:44:54 status half-configured tasksel:all 3.68
2022-03-22 16:44:54 status installed tasksel:all 3.68
2022-03-22 16:44:54 trigproc libc-bin:amd64 2.31-13+deb11u2 <none>
2022-03-22 16:44:54 status half-configured libc-bin:amd64 2.31-13+deb11u2
2022-03-22 16:44:54 status installed libc-bin:amd64 2.31-13+deb11u2
